=== Universal Contract Fuzzer ===
Finding ALL contracts and letting ItyFuzz detect vulnerabilities
Each project saves its work_dir for MEV exploitation

Historical RPC: Block 55442460
Public RPC: Block 56627335
Will fuzz at block: 56627334

ðŸ“¡ Source 1: Scanning recent blocks...
  Scanning blocks 55442440 to 55442460
    Found contract: 0x4345a105...
    Found contract: 0xff2f8a36...
    Found contract: 0xe4eab320...
    Found contract: 0x802b65b5...
    Found contract: 0xcfe66d6c...
    Found contract: 0x22ca19f1...
    Found contract: 0x6134e2c5...
    Found contract: 0xba53da03...
    Found contract: 0x802b65b5...
    Found contract: 0xfb34b8d3...
    Found contract: 0x2859e454...
    Found contract: 0xda77c035...
    Found contract: 0x22ca19f1...
    Found contract: 0x6131b5fa...
    Found contract: 0x82371eb9...
    Found contract: 0xd9c500df...
    Found contract: 0xd9c500df...
    Found contract: 0xba53da03...
    Found contract: 0xfee9966e...
    Found contract: 0x68259336...
    Found contract: 0xaa18f5cc...
    Found contract: 0x0fa0f96f...
    Found contract: 0x426603ba...
    Found contract: 0xb300000b...
    Found contract: 0x802b65b5...
    Found contract: 0xd9c500df...
    Found contract: 0xb300000b...
    Found contract: 0xd9c500df...
    Found contract: 0xfee9966e...
    Found contract: 0x1b81d678...
    Found contract: 0x0fa0f96f...
    Found contract: 0xfee9966e...
    Found contract: 0x9999b0cd...
    Found contract: 0x9999b0cd...
    Found contract: 0x59b53dd6...
    Found contract: 0xaaa39853...
    Found contract: 0x00000000...
    Found contract: 0x802b65b5...
    Found contract: 0x802b65b5...
    Found contract: 0x802b65b5...
    Found contract: 0xfd7ac7e9...
    Found contract: 0xd9c500df...
    Found contract: 0xd9c500df...
    Found contract: 0x59b53dd6...
    Found contract: 0x13f4ea83...
    Found contract: 0x13f4ea83...
    Found contract: 0x00000000...
    Found contract: 0xd9c500df...
    Found contract: 0xd9c500df...
    Found contract: 0xac4c6e21...
    Found contract: 0x55d39832...
    Found contract: 0x13f4ea83...
    Found contract: 0x13f4ea83...
    Found contract: 0x802b65b5...
    Found contract: 0x55d39832...
    Found contract: 0xefe7a50f...
    Found contract: 0x802b65b5...
    Found contract: 0x802b65b5...
    Found contract: 0xba53da03...
    Found contract: 0xa8acdd81...
    Found contract: 0xba53da03...
    Found contract: 0x9b9efa5e...
    Found contract: 0xefe7a50f...
    Found contract: 0xd9c500df...
    Found contract: 0x42407fb3...
    Found contract: 0x802b65b5...
    Found contract: 0x3d7ab4d0...
    Found contract: 0x55d39832...
    Found contract: 0x802b65b5...
    Found contract: 0x6baa8dee...
    Found contract: 0x00000047...
    Found contract: 0xd9c500df...
    Found contract: 0xe4fcc51a...
    Found contract: 0x9b9efa5e...
    Found contract: 0x802b65b5...
    Found contract: 0xdb1a1c98...
    Found contract: 0x55d39832...
    Found contract: 0x55d39832...
    Found contract: 0xb300000b...
    Found contract: 0x802b65b5...
    Found contract: 0x802b65b5...
    Found contract: 0x55d39832...
    Found contract: 0x802b65b5...
    Found contract: 0x5e3b3766...
    Found contract: 0xb300000b...
    Found contract: 0x9e88995d...
    Found contract: 0x13f4ea83...
    Found contract: 0x6aba0315...
    Found contract: 0x9b9efa5e...
    Found contract: 0x6aba0315...
    Found contract: 0x55d39832...
    Found contract: 0x13f4ea83...
    Found contract: 0xb300000b...
    Found contract: 0x1b81d678...
    Found contract: 0x6aba0315...
    Found contract: 0x55d39832...
    Found contract: 0x802b65b5...
    Found contract: 0x802b65b5...
    Found contract: 0x802b65b5...
    Found contract: 0x6aba0315...
    Found contract: 0xe4eab320...
    Found contract: 0xb300000b...
    Found contract: 0xa533ca75...
    Found contract: 0x1b81d678...
    Found contract: 0x802b65b5...
    Found contract: 0x10ed43c7...
    Found contract: 0xb300000b...
    Found contract: 0x0fa0f96f...
    Found contract: 0x55d39832...
    Found contract: 0x1b81d678...
    Found contract: 0x6aba0315...
    Found contract: 0xb300000b...
    Found contract: 0x802b65b5...
    Found contract: 0x55d39832...
    Found contract: 0xb300000b...
    Found contract: 0x1b81d678...
    Found contract: 0x2f24c0e6...
    Found contract: 0xbb4cdb9c...
    Found contract: 0x1b81d678...
    Found contract: 0xb300000b...
    Found contract: 0xcc364281...
    Found contract: 0xe4fcc51a...
    Found contract: 0x6aba0315...
    Found contract: 0xb300000b...
    Found contract: 0x55d39832...
    Found contract: 0xd36b6d64...
    Found contract: 0x47ebcf27...
    Found contract: 0x1b81d678...
    Found contract: 0xb300000b...
    Found contract: 0xb300000b...
    Found contract: 0x1b81d678...
    Found contract: 0x6aba0315...
    Found contract: 0xb300000b...
    Found contract: 0x47ebcf27...
    Found contract: 0x55d39832...
    Found contract: 0x47ebcf27...
    Found contract: 0xb300000b...
    Found contract: 0xb300000b...
    Found contract: 0x1b81d678...
    Found contract: 0x6aba0315...
    Found contract: 0x55d39832...
    Found contract: 0xb300000b...
    Found contract: 0xb300000b...
    Found contract: 0x1b81d678...
    Found contract: 0x47ebcf27...
    Found contract: 0x47ebcf27...
    Found contract: 0xb300000b...
    Found contract: 0x0ba6d224...
    Found contract: 0x6aba0315...
    Found contract: 0x55d39832...
    Found contract: 0xb300000b...
    Found contract: 0x0fa0f96f...
    Found contract: 0x47ebcf27...
    Found contract: 0x00000000...
    Found contract: 0x47ebcf27...
    Found contract: 0xb300000b...
    Found contract: 0x47ebcf27...
    Found contract: 0xee6ead66...
    Found contract: 0x00000047...
    Found contract: 0xc75aabd3...
    Found contract: 0x47ebcf27...
    Found contract: 0xb300000b...
    Found contract: 0xb300000b...
    Found contract: 0x1b81d678...
    Found contract: 0x47ebcf27...
    Found contract: 0xb300000b...
    Found contract: 0x55d39832...
    Found contract: 0x00000047...
    Found contract: 0x0fa0f96f...
    Found contract: 0x47ebcf27...
    Found contract: 0xb300000b...
    Found contract: 0x8ac76a51...
    Found contract: 0xb300000b...
    Found contract: 0xb300000b...
    Found contract: 0x1b81d678...
    Found contract: 0xb300000b...
    Found contract: 0xb300000b...
    Found contract: 0x0fa0f96f...
    Found contract: 0x47ebcf27...
    Found contract: 0x55d39832...
    Found contract: 0xb300000b...
    Found contract: 0xd9c500df...
    Found contract: 0xb300000b...
    Found contract: 0x10ed43c7...
    Found contract: 0xc6533dca...
    Found contract: 0x1b81d678...
    Found contract: 0x47ebcf27...
    Found contract: 0xb300000b...
    Found contract: 0x00000000...
    Found contract: 0xb300000b...
    Found contract: 0x0fa0f96f...
    Found contract: 0xb300000b...
    Found contract: 0xb300000b...
    Found contract: 0xb300000b...
    Found contract: 0x55d39832...
    Found contract: 0xf6531241...
    Found contract: 0xb300000b...
    Found contract: 0x47ebcf27...
    Found contract: 0x00000000...
    Found contract: 0x0fa0f96f...
    Found contract: 0xb300000b...
    Found contract: 0x10ed43c7...
    Found contract: 0xb300000b...
    Found contract: 0xb300000b...
    Found contract: 0x802b65b5...
    Found contract: 0xb300000b...
    Found contract: 0x47ebcf27...
    Found contract: 0xb300000b...
    Found contract: 0x00000000...
    Found contract: 0xb994882a...
    Found contract: 0xb300000b...
    Found contract: 0xadb984fb...
    Found contract: 0xb300000b...
    Found contract: 0xb300000b...
    Found contract: 0xb300000b...
    Found contract: 0xb300000b...
    Found contract: 0xee6ead66...
    Found contract: 0x47ebcf27...
    Found contract: 0x00000000...
    Found contract: 0xb300000b...
    Found contract: 0x75ca5218...
    Found contract: 0xb300000b...
    Found contract: 0xb300000b...
    Found contract: 0xb300000b...
    Found contract: 0xb300000b...
    Found contract: 0x00000000...
  Found 14 contracts in block 55442441
    Found contract: 0x55d39832...
    Found contract: 0x47ebcf27...
    Found contract: 0x6f0e4623...
    Found contract: 0x00000000...
    Found contract: 0xb300000b...
    Found contract: 0xb300000b...
    Found contract: 0xb300000b...
    Found contract: 0xe527a772...
    Found contract: 0xb300000b...
    Found contract: 0x55d39832...
    Found contract: 0x47ebcf27...
    Found contract: 0xadb984fb...
    Found contract: 0xb300000b...
    Found contract: 0x1b81d678...
    Found contract: 0x00000000...
    Found contract: 0x3d90f66b...
    Found contract: 0xb300000b...
    Found contract: 0xb300000b...
    Found contract: 0xb300000b...
    Found contract: 0xb300000b...
    Found contract: 0x52bca77f...
    Found contract: 0x47ebcf27...
    Found contract: 0x6aba0315...
    Found contract: 0xb300000b...
    Found contract: 0xb300000b...
    Found contract: 0xb300000b...
    Found contract: 0xb300000b...
    Found contract: 0x55d39832...
    Found contract: 0x0c1da220...
    Found contract: 0x661240b9...
    Found contract: 0x47ebcf27...
    Found contract: 0x6aba0315...
    Found contract: 0xb300000b...
    Found contract: 0xb300000b...
    Found contract: 0xb300000b...
    Found contract: 0xba53da03...
    Found contract: 0xb300000b...
    Found contract: 0xb300000b...
    Found contract: 0x10ed43c7...
    Found contract: 0x47ebcf27...
    Found contract: 0x10ed43c7...
    Found contract: 0xb300000b...
    Found contract: 0x6aba0315...
    Found contract: 0xb300000b...
    Found contract: 0xb7d0ec13...
    Found contract: 0xb300000b...
    Found contract: 0xb300000b...
    Found contract: 0x55d39832...
    Found contract: 0xbb4cdb9c...
    Found contract: 0xb300000b...
    Found contract: 0x00000047...
    Found contract: 0x10ed43c7...
    Found contract: 0xb300000b...
    Found contract: 0xb300000b...
    Found contract: 0xb300000b...
    Found contract: 0xb300000b...
    Found contract: 0x55d39832...
    Found contract: 0xb300000b...
    Found contract: 0xb300000b...
    Found contract: 0xb300000b...
    Found contract: 0x0e09fabb...
    Found contract: 0xb300000b...
    Found contract: 0xb300000b...
    Found contract: 0xdef96579...
    Found contract: 0xb300000b...
    Found contract: 0xb300000b...
    Found contract: 0x55d39832...
    Found contract: 0x6aba0315...
    Found contract: 0xb300000b...
    Found contract: 0xb300000b...
    Found contract: 0x1b81d678...
    Found contract: 0xb300000b...
    Found contract: 0xb300000b...
    Found contract: 0xaa18f5cc...
    Found contract: 0xb300000b...
    Found contract: 0xb300000b...
    Found contract: 0x1b81d678...
    Found contract: 0xb300000b...
    Found contract: 0xb300000b...
    Found contract: 0xd36b6d64...
    Found contract: 0xb300000b...
    Found contract: 0xb300000b...
    Found contract: 0x00000000...
    Found contract: 0xd615eb3e...
    Found contract: 0xb300000b...
    Found contract: 0xb300000b...
    Found contract: 0x1b81d678...
    Found contract: 0xb300000b...
    Found contract: 0xb300000b...
    Found contract: 0xb300000b...
    Found contract: 0x55d39832...
    Found contract: 0x00000000...
    Found contract: 0xb300000b...
    Found contract: 0xb300000b...
    Found contract: 0xb300000b...
    Found contract: 0xb300000b...
    Found contract: 0x55d39832...
    Found contract: 0x1b81d678...
    Found contract: 0x55d39832...
    Found contract: 0x00000000...
    Found contract: 0xec65f537...
    Found contract: 0xb300000b...
    Found contract: 0xb300000b...
    Found contract: 0xb300000b...
    Found contract: 0x802b65b5...
    Found contract: 0xb300000b...
    Found contract: 0x00000000...
    Found contract: 0x1b81d678...
    Found contract: 0x55d39832...
    Found contract: 0x55d39832...
    Found contract: 0x10ed43c7...
    Found contract: 0x1b81d678...
    Found contract: 0xb300000b...
    Found contract: 0x55d39832...
    Found contract: 0xb300000b...
    Found contract: 0x00000000...
    Found contract: 0x55d39832...
    Found contract: 0x47ebcf27...
    Found contract: 0x55d39832...
    Found contract: 0xb300000b...
    Found contract: 0xb300000b...
    Found contract: 0xb300000b...
    Found contract: 0x10ed43c7...
    Found contract: 0x55d39832...
    Found contract: 0x47ebcf27...
    Found contract: 0x00000000...
    Found contract: 0xc9015ab5...
    Found contract: 0x5c952063...
    Found contract: 0xb300000b...
    Found contract: 0x55d39832...
    Found contract: 0x55d39832...
    Found contract: 0xb300000b...
    Found contract: 0x8838702a...
    Found contract: 0xbca03cc5...
    Found contract: 0x1b81d678...
    Found contract: 0x8db780f5...
    Found contract: 0xb300000b...
    Found contract: 0xadb984fb...
    Found contract: 0xb300000b...
    Found contract: 0x10ed43c7...
    Found contract: 0x1b81d678...
    Found contract: 0xb300000b...
    Found contract: 0x6aba0315...
    Found contract: 0xc75aabd3...
    Found contract: 0x13f4ea83...
    Found contract: 0xb300000b...
    Found contract: 0x55d39832...
    Found contract: 0x3d7ab4d0...
    Found contract: 0x8d0d000e...
    Found contract: 0x00000047...
    Found contract: 0x1b81d678...
    Found contract: 0x90cbe4bd...
    Found contract: 0x10ed43c7...
    Found contract: 0x8d0d000e...
    Found contract: 0xb300000b...
    Found contract: 0x194b302a...
    Found contract: 0x55d39832...
    Found contract: 0xb300000b...
    Found contract: 0x1b81d678...
    Found contract: 0xb300000b...
    Found contract: 0x55d39832...
    Found contract: 0x6e84b322...
    Found contract: 0x00000047...
    Found contract: 0x7e52a123...
    Found contract: 0x55d39832...
    Found contract: 0xb300000b...
    Found contract: 0x4bb93402...
    Found contract: 0xb300000b...
    Found contract: 0xe36b6606...
    Found contract: 0x1b81d678...
    Found contract: 0x3d7ab4d0...
    Found contract: 0x55d39832...
    Found contract: 0x55d39832...
    Found contract: 0x55d39832...
    Found contract: 0xb300000b...
    Found contract: 0x4bb93402...
    Found contract: 0xb300000b...
    Found contract: 0x10ed43c7...
    Found contract: 0x55d39832...
    Found contract: 0x55d39832...
    Found contract: 0x55d39832...
    Found contract: 0x00000047...
    Found contract: 0xb300000b...
    Found contract: 0x5a5c78ab...
    Found contract: 0xb300000b...
    Found contract: 0xb300000b...
    Found contract: 0x1b81d678...
    Found contract: 0xfb5b838b...
    Found contract: 0xb300000b...
    Found contract: 0x998cd057...
    Found contract: 0x55d39832...
    Found contract: 0xb300000b...
    Found contract: 0x194b302a...
  Found 19 contracts in block 55442447
    Found contract: 0xb300000b...
    Found contract: 0xb300000b...
  Found 19 contracts in block 55442448
    Found contract: 0xda77c035...
    Found contract: 0x40f90625...
  Found 21 contracts in block 55442449
    Found contract: 0xfafb7581...
  Found 12 contracts in block 55442446
    Found contract: 0x6602d751...
  Found 15 contracts in block 55442440
    Found contract: 0xb300000b...
  Found 17 contracts in block 55442445
    Found contract: 0xb300000b...
  Found 12 contracts in block 55442443
    Found contract: 0xb300000b...
    Found contract: 0xb300000b...
  Found 18 contracts in block 55442442
    Found contract: 0x75bdc1be...
  Found 18 contracts in block 55442444
    Found contract: 0xb300000b...
    Found contract: 0xb300000b...
    Found contract: 0xba53da03...
    Found contract: 0x6134e2c5...
    Found contract: 0xb300000b...
    Found contract: 0x46a15b0b...
    Found contract: 0xd9c500df...
    Found contract: 0x1a1ec25d...
    Found contract: 0x1b81d678...
    Found contract: 0xfd7ac7e9...
    Found contract: 0x29867b24...
    Found contract: 0x05ff2b0d...
    Found contract: 0x9999b0cd...
    Found contract: 0x13f4ea83...
    Found contract: 0xba53da03...
    Found contract: 0xb300000b...
    Found contract: 0xd9c500df...
    Found contract: 0xaaa39853...
    Found contract: 0x802b65b5...
    Found contract: 0x6f3f9630...
    Found contract: 0x1b81d678...
    Found contract: 0xd9c500df...
    Found contract: 0xb300000b...
    Found contract: 0x13f4ea83...
    Found contract: 0xd9c500df...
    Found contract: 0x802b65b5...
    Found contract: 0xd9c500df...
    Found contract: 0xd9c500df...
    Found contract: 0xd9c500df...
    Found contract: 0x1b81d678...
    Found contract: 0x46a15b0b...
    Found contract: 0xb300000b...
    Found contract: 0xd9c500df...
    Found contract: 0xd9c500df...
    Found contract: 0xd9c500df...
    Found contract: 0xf5086053...
    Found contract: 0x29867b24...
    Found contract: 0xd9c500df...
    Found contract: 0xb300000b...
    Found contract: 0xd9c500df...
    Found contract: 0xd9c500df...
    Found contract: 0x802b65b5...
    Found contract: 0x802b65b5...
    Found contract: 0xc05cef6d...
    Found contract: 0x1a0a18ac...
    Found contract: 0xb300000b...
    Found contract: 0xb300000b...
    Found contract: 0xd9c500df...
    Found contract: 0x6134e2c5...
    Found contract: 0xd9c500df...
    Found contract: 0x10ed43c7...
    Found contract: 0xb300000b...
    Found contract: 0xb300000b...
    Found contract: 0xb300000b...
    Found contract: 0xd9c500df...
    Found contract: 0x13f4ea83...
    Found contract: 0x6aba0315...
    Found contract: 0xba53da03...
    Found contract: 0xd9c500df...
    Found contract: 0x55d39832...
    Found contract: 0xaaa39853...
    Found contract: 0xb300000b...
    Found contract: 0x802b65b5...
    Found contract: 0xd9c500df...
    Found contract: 0x6aba0315...
    Found contract: 0xd9c500df...
    Found contract: 0x13f4ea83...
    Found contract: 0x802b65b5...
    Found contract: 0xff2f8a36...
    Found contract: 0xb300000b...
    Found contract: 0x6aba0315...
    Found contract: 0xd9c500df...
    Found contract: 0x13f4ea83...
    Found contract: 0x9b9efa5e...
    Found contract: 0xb1f23a3f...
    Found contract: 0xd9c500df...
    Found contract: 0xb300000b...
    Found contract: 0x55d39832...
    Found contract: 0x55d39832...
    Found contract: 0xfee9966e...
    Found contract: 0x1b81d678...
    Found contract: 0x13f4ea83...
    Found contract: 0x10ed43c7...
    Found contract: 0x5c952063...
    Found contract: 0x1b81d678...
    Found contract: 0xb300000b...
    Found contract: 0x55d39832...
    Found contract: 0xd9c500df...
    Found contract: 0x4bb93402...
    Found contract: 0xfee9966e...
    Found contract: 0x1b81d678...
    Found contract: 0x55d39832...
    Found contract: 0x802b65b5...
    Found contract: 0x9999b0cd...
    Found contract: 0xb300000b...
    Found contract: 0x4bb93402...
    Found contract: 0xd9c500df...
    Found contract: 0x1b81d678...
    Found contract: 0xfee9966e...
    Found contract: 0x55d39832...
    Found contract: 0x6b3affc8...
    Found contract: 0xb300000b...
    Found contract: 0x0fa0f96f...
    Found contract: 0x5fa78db9...
    Found contract: 0x55d39832...
    Found contract: 0x47ebcf27...
    Found contract: 0x8ab7779c...
    Found contract: 0xfee9966e...
    Found contract: 0x0e2127f2...
    Found contract: 0xb300000b...
    Found contract: 0x55d39832...
    Found contract: 0x6134e2c5...
    Found contract: 0xb300000b...
    Found contract: 0x60ffd33c...
    Found contract: 0x55d39832...
    Found contract: 0x9b9efa5e...
    Found contract: 0x6aba0315...
    Found contract: 0xfee9966e...
    Found contract: 0xb300000b...
    Found contract: 0xaa18f5cc...
    Found contract: 0x829ee522...
    Found contract: 0xb300000b...
    Found contract: 0x13f4ea83...
    Found contract: 0xb300000b...
    Found contract: 0x10ed43c7...
    Found contract: 0x6521aa52...
    Found contract: 0x6aba0315...
    Found contract: 0xb300000b...
    Found contract: 0x802b65b5...
    Found contract: 0xb300000b...
    Found contract: 0x665f178d...
    Found contract: 0x802b65b5...
    Found contract: 0x1b81d678...
    Found contract: 0xb300000b...
    Found contract: 0x1b81d678...
    Found contract: 0x6aba0315...
    Found contract: 0x0fa0f96f...
    Found contract: 0xe97e1d3a...
    Found contract: 0xb300000b...
    Found contract: 0x55d39832...
    Found contract: 0x1b81d678...
    Found contract: 0x1b81d678...
    Found contract: 0xb300000b...
    Found contract: 0x802b65b5...
    Found contract: 0x59b53dd6...
    Found contract: 0xda77c035...
    Found contract: 0xb300000b...
    Found contract: 0x47ebcf27...
    Found contract: 0x1b81d678...
    Found contract: 0x55d39832...
    Found contract: 0x55d39832...
    Found contract: 0xb300000b...
    Found contract: 0x1b81d678...
    Found contract: 0x350e52bb...
    Found contract: 0xe6b4fc50...
    Found contract: 0xb300000b...
    Found contract: 0x55d39832...
    Found contract: 0xb300000b...
    Found contract: 0x55d39832...
    Found contract: 0xb300000b...
    Found contract: 0x1b81d678...
    Found contract: 0x55d39832...
    Found contract: 0x00000047...
    Found contract: 0xe6b4fc50...
    Found contract: 0xb300000b...
    Found contract: 0x55d39832...
    Found contract: 0x2895774d...
    Found contract: 0x55d39832...
    Found contract: 0xb300000b...
    Found contract: 0xb300000b...
    Found contract: 0x9b9efa5e...
    Found contract: 0xe6b4fc50...
    Found contract: 0xb300000b...
    Found contract: 0xb994882a...
    Found contract: 0xb300000b...
    Found contract: 0xb300000b...
    Found contract: 0x5ff137d4...
    Found contract: 0x55d39832...
    Found contract: 0xc14ede79...
    Found contract: 0xe78821cc...
    Found contract: 0xb300000b...
    Found contract: 0x1b81d678...
    Found contract: 0x802b65b5...
    Found contract: 0x9b9efa5e...
    Found contract: 0xb300000b...
    Found contract: 0xb300000b...
    Found contract: 0xb300000b...
    Found contract: 0x31cb897e...
    Found contract: 0x00000047...
    Found contract: 0xb300000b...
    Found contract: 0x9999b0cd...
    Found contract: 0xb300000b...
    Found contract: 0xb300000b...
    Found contract: 0xb300000b...
    Found contract: 0x6aba0315...
    Found contract: 0x55d39832...
    Found contract: 0xfbf01979...
    Found contract: 0x55d39832...
    Found contract: 0xb300000b...
    Found contract: 0x802b65b5...
    Found contract: 0xb300000b...
    Found contract: 0xb300000b...
    Found contract: 0xb300000b...
    Found contract: 0xb300000b...
    Found contract: 0x3d7ab4d0...
    Found contract: 0x1b81d678...
    Found contract: 0x1b81d678...
    Found contract: 0xb300000b...
    Found contract: 0xb0ce3363...
    Found contract: 0xb300000b...
    Found contract: 0xb300000b...
    Found contract: 0xb300000b...
    Found contract: 0xb300000b...
    Found contract: 0x3d7ab4d0...
    Found contract: 0x6aba0315...
    Found contract: 0x47ebcf27...
    Found contract: 0xb300000b...
    Found contract: 0x802b65b5...
    Found contract: 0xb300000b...
    Found contract: 0xb300000b...
    Found contract: 0xb300000b...
    Found contract: 0xb300000b...
    Found contract: 0x40f90625...
    Found contract: 0x0b0b18ef...
  Found 16 contracts in block 55442450
    Found contract: 0x1b81d678...
    Found contract: 0x9b9efa5e...
    Found contract: 0xb300000b...
    Found contract: 0xb300000b...
    Found contract: 0xb300000b...
    Found contract: 0xb300000b...
    Found contract: 0xb300000b...
    Found contract: 0x9b9efa5e...
    Found contract: 0x00000047...
    Found contract: 0xb300000b...
    Found contract: 0x1b81d678...
    Found contract: 0x0fa0f96f...
    Found contract: 0xb300000b...
    Found contract: 0xb300000b...
    Found contract: 0xb300000b...
    Found contract: 0xb300000b...
    Found contract: 0xb300000b...
    Found contract: 0x6aba0315...
    Found contract: 0x9e88995d...
    Found contract: 0xb300000b...
    Found contract: 0x1b81d678...
    Found contract: 0x46a15b0b...
    Found contract: 0x43ef5494...
    Found contract: 0xb300000b...
    Found contract: 0xb300000b...
    Found contract: 0xb300000b...
    Found contract: 0x6aba0315...
    Found contract: 0x1b81d678...
    Found contract: 0xb300000b...
    Found contract: 0x061f8446...
    Found contract: 0xb300000b...
    Found contract: 0xb300000b...
    Found contract: 0xb300000b...
    Found contract: 0xb300000b...
    Found contract: 0x55d39832...
    Found contract: 0xb300000b...
    Found contract: 0x6aba0315...
    Found contract: 0x1b81d678...
    Found contract: 0xb300000b...
    Found contract: 0x802b65b5...
    Found contract: 0x00000000...
    Found contract: 0xb300000b...
    Found contract: 0xb300000b...
    Found contract: 0xb300000b...
    Found contract: 0xb300000b...
    Found contract: 0x6aba0315...
    Found contract: 0x57baeebe...
    Found contract: 0xb300000b...Error: contract 0x0000000000000000000000000000000000000001 does not have any code
Error: contract 0x3850bfb8ff46189b8da6435f0bbfed3c8b2dc015 does not have any code
Error: server returned an error response: error code -32000: execution reverted
Error: contract 0x0000000000000000000000000000000000004e20 does not have any code
Error: contract 0x0000000000000000000000000000000000004e20 does not have any code
Error: contract 0x0000000000000000000000000000000000001388 does not have any code
Error: contract 0x0000000000000000000000000000000000001388 does not have any code
Error: contract 0x0000000000000000000000000000000000002710 does not have any code
Error: contract 0x30e47b1d6564414c4de10ff8523fd21ee9046e96 does not have any code
Error: server returned an error response: error code -32000: execution reverted
Error: contract 0xcc0c041dab32a62b512f0b2ba84b02422b5c2433 does not have any code
Error: contract 0x2c83adb294c62e7d92369e831c5722faa2f43d08 does not have any code
Error: server returned an error response: error code -32000: execution reverted
Error: contract 0x0000000000000000000000000000000000000000 does not have any code
Error: contract 0x00000000000000000000001b1ae4d6e2ef500000 does not have any code
Error: contract 0x00000000000000000000005150ae84a8cdf00000 does not have any code
Error: contract 0x0000000000000000000000a2a15d09519be00000 does not have any code
Error: contract 0x0000000000000000000000d8d726b7177a800000 does not have any code
Error: contract 0x00000000000000000000010f0cf064dd59200000 does not have any code
Error: contract 0x00000000000000000000014542ba12a337c00000 does not have any code
Error: contract 0xa29ecd7c108bc31d2f80b10f3c923b8a78e82f1c does not have any code
Error: contract 0x0000000000000000000000000000000000000000 does not have any code
Error: contract 0x0000000000000000000000000000000000000001 does not have any code
Error: contract 0x00000000000000000000000000000d89e6f2761a does not have any code
Error: contract 0x0000000000000000000000000000000000000000 does not have any code
Error: contract 0x0000000000000000000000000000000000000000 does not have any code
Error: contract 0x0000000000000000000000000000000000000000 does not have any code
Error: contract 0x8ea25f34f178b8734a522cccffd8b5d17758e21e does not have any code
Error: server returned an error response: error code -32000: execution reverted
Error: contract 0x0000000000000000000000000000000000000000 does not have any code
Error: contract 0x0000000000000000000000000000000000000000 does not have any code
Error: contract 0x0000000000000000000000000000000000000000 does not have any code
Error: contract 0x0000000000000000000000000000000000000000 does not have any code
Error: contract 0x0000000000000000000000000000000000000000 does not have any code
Error: contract 0x0000000000000000000000000000000000000000 does not have any code
Error: contract 0x0000000000000000000000000000000000000000 does not have any code
Error: contract 0x0000000000000000000000000000000000000000 does not have any code
Error: contract 0x0000000000000000000000000000000000000000 does not have any code
Error: contract 0x0000000000000000000000000000000000000000 does not have any code
Error: contract 0x0000000000000000000000000000000000000000 does not have any code
Error: contract 0x0000000000000000000000000000000000000000 does not have any code
Error: contract 0x0000000000000000000000000000000000000018 does not have any code
Error: server returned an error response: error code -32000: execution reverted
Error: contract 0x0000000000000000000000000de0b6b3a7640000 does not have any code
Error: contract 0x000000000000000000000000002386f26fc10000 does not have any code
Error: contract 0x00000000000000000000000000071afd498d0000 does not have any code
Error: contract 0x0000000000000000000000015af1d78b58c40000 does not have any code
Error: contract 0x0000000000000000000000000000000000000000 does not have any code
Error: contract 0x4162915e51c4705df5d966611358f8c4f18df7ca does not have any code
Error: contract 0x0000000000000000000000000000000000000001 does not have any code
Error: contract 0xc47496ed468eac0edc21bde08330048e8ef1aa2e does not have any code
Error: contract 0x0000000000000000000000000000000000000000 does not have any code
Error: contract 0x0000000000000000000000000000000000000000 does not have any code
Error: contract 0x0000000000000000000000000000000000000000 does not have any code
Error: contract 0x0000000000000000000000000000000000000000 does not have any code
Error: contract 0x0000000000000000000000000000000000000000 does not have any code
Error: contract 0x0000000000000000000000000000000000000000 does not have any code
Error: contract 0x0000000000000000000000000000000000000000 does not have any code
Error: contract 0x0000000000000000000000000000000000000000 does not have any code
Error: contract 0x0000000000000000000000000000000000000000 does not have any code
Error: contract 0x0000000000000000000000000000000000000000 does not have any code
Error: contract 0x0000000000000000000000000000000000000000 does not have any code
Error: contract 0x0000000000000000000000000000000000000000 does not have any code
Error: contract 0x0000000000000000000000000000000000000000 does not have any code
Error: contract 0x0000000000000000000000000000000000000000 does not have any code
Error: contract 0x0000000000000000000000000000000000000000 does not have any code
Error: contract 0x0000000000000000000000000000000000000000 does not have any code
Error: contract 0x0000000000000000000000000000000000000000 does not have any code
Error: contract 0x072ee9b012178945359d1dd0b1bacc98303236d0 does not have any code
Error: contract 0x0000000000000000000000000000000000000001 does not have any code
Error: contract 0x00000000000000000000000000005af3107a4000 does not have any code
Error: could not decode output; did you specify the wrong function return data type?

Context:
- ABI decoding failed: buffer overrun while deserializing
Error: contract 0xeae1a6234c3d6ae2ef387de93f2dc0b0defbe34e does not have any code
Error: server returned an error response: error code -32000: execution reverted
Error: contract 0x0000000000000000000000000000000000000000 does not have any code
Error: contract 0x0000000000000000000000000000000000000000 does not have any code
Error: contract 0x0000000000000000000000000000000000000000 does not have any code
Error: contract 0x0000000000000000000000000000000000000000 does not have any code
Error: contract 0x0000000000000000000000000000000000000000 does not have any code
Error: contract 0x0000000000000000000000000000000000000000 does not have any code
Error: contract 0x0000000000000000000000000000000000000000 does not have any code
Error: contract 0x0000000000000000000000000000000000000000 does not have any code
Error: contract 0x0000000000000000000000000000000000000000 does not have any code
Error: contract 0x0000000000000000000000000000000000000000 does not have any code
Error: contract 0x0000000000000000000000000000000000000000 does not have any code
Error: contract 0x0000000000000000000000000000000000000000 does not have any code
Error: contract 0x0000000000000000000000000000000000000000 does not have any code
Error: contract 0x0000000000000000000000000000000000000000 does not have any code
Error: contract 0x0000000000000000000000000000000000000000 does not have any code
Error: contract 0x0000000000000000000000000000000000000000 does not have any code
Error: contract 0x0000000000000000000000000000000000000000 does not have any code
Error: contract 0x0000000000000000000000000000000000000000 does not have any code
Error: contract 0x0000000000000000000000000000000000000000 does not have any code
Error: contract 0x0000000000000000000000000000000000000000 does not have any code
Error: contract 0x0000000000000000000000000000000000000000 does not have any code
Error: contract 0x0000000000000000000000000000000000000000 does not have any code
Error: contract 0x0000000000000000000000000000000000000000 does not have any code
Error: contract 0x0000000000000000000000000000000000000000 does not have any code
Error: contract 0x0000000000000000000000000000000000000000 does not have any code
Error: contract 0x0000000000000000000000000000000000000000 does not have any code
Error: contract 0x0000000000000000000000000000000000000000 does not have any code
Error: contract 0x0000000000000000000000000000000000000000 does not have any code
Error: contract 0x0000000000000000000000000000000000000000 does not have any code
Error: contract 0x0000000000000000000000000000000000000000 does not have any code
Error: contract 0x0000000000000000000000000000000000000000 does not have any code
Error: contract 0x0000000000000000000000000000000000000000 does not have any code
Error: contract 0x0000000000000000000000000000000000000000 does not have any code
Error: contract 0x0000000000000000033b2e3c9fd0803ce8000000 does not have any code
Error: contract 0x0000000000000000000000000000000000000000 does not have any code
Error: contract 0xd2da89086d5d9c860c8056352179a8f46b88a5f2 does not have any code
Error: contract 0xab3d7ec26d39f247bd13fe0210e298d90333a41c does not have any code
Error: contract 0x37a1d1fad25ef09e234cf104f81686b49df52f75 does not have any code
Error: contract 0x51beccef3ff53e914cf64b5dbca6195e6324edc4 does not have any code
Error: contract 0xba9c43c8d805e5556bac52f477110ed74fbeb4b6 does not have any code
Error: contract 0x0000000000000000000000000000000000000000 does not have any code
Error: contract 0x0000000000000000000000000000000000000000 does not have any code
Error: contract 0x0000000000000000000000000000000000000000 does not have any code
Error: contract 0x0000000000000000000000000000000000000000 does not have any code
Error: contract 0x0000000000000000000000000000000000000000 does not have any code
Error: contract 0x0000000000000000000000000000000000000000 does not have any code
Error: contract 0x0000000000000000000000000000000000000000 does not have any code
Error: contract 0x0000000000000000000000000000000000000000 does not have any code
Error: contract 0x0000000000000000000000000000000000000000 does not have any code
Error: contract 0xca19f3547f24cb1d190031b7c8ec914e966ce714 does not have any code
Error: contract 0x0000000000000000000000000000000000000000 does not have any code
Error: contract 0x0000000000000000000000000000000000000000 does not have any code
Error: contract 0x0000000000000000000000000000000000000000 does not have any code
Error: contract 0x0000000000000000000000000000000000000001 does not have any code
Error: contract 0x0000000000000000000000000000000000000000 does not have any code
Error: contract 0x0000000000000000000000000000000000000000 does not have any code
Error: contract 0x0000000000000000000000000000000000000000 does not have any code
Error: contract 0x0000000000000000000000000000000000000000 does not have any code
Error: contract 0x0000000000000000000000000000000000000000 does not have any code
Error: contract 0x0000000000000000000000000000000000000000 does not have any code
Error: contract 0x0000000000000000000000000000000000000000 does not have any code
Error: contract 0x0000000000000000000000000000000000000000 does not have any code
Error: contract 0x0000000000000000000000000000000000000000 does not have any code
Error: contract 0x0000000000000000000000000000000000000000 does not have any code
Error: contract 0x0000000000000000000000000000000000000000 does not have any code
Error: contract 0x0000000000000000000000000000000000000000 does not have any code
Error: contract 0x0000000000000000000000000000000000000000 does not have any code
Error: contract 0x0000000000000000000000000000000000000000 does not have any code
Error: contract 0x0000000000000000000000000000000000000000 does not have any code
Error: contract 0x0000000000000000000000000000000000000001 does not have any code
Error: contract 0x0000000000000000000000000000000000000000 does not have any code
Error: contract 0x0000000000000000000000000000000000000000 does not have any code
Error: contract 0x0000000000000000000000000000000000000000 does not have any code
Error: contract 0x0000000000000000000000000000000000000000 does not have any code
Error: contract 0x0000000000000000000000000000000000000000 does not have any code
Error: contract 0x0000000000000000000000000000000000000000 does not have any code
Error: contract 0x0000000000000000000000000000000000000000 does not have any code
Error: contract 0x0000000000000000000000000000000000000000 does not have any code
Error: contract 0x0000000000000000000000000000000000000000 does not have any code
Error: contract 0x0000000000000000000000000000000000000000 does not have any code
Error: contract 0x0000000000000000000000000000000000000000 does not have any code
Error: contract 0x0000000000000000000000000000000000000000 does not have any code
Error: contract 0x0000000000000000000000000000000000000000 does not have any code
Error: contract 0x0000000000000000000000000000000000000000 does not have any code
Error: contract 0x0000000000000000000000000000000000000000 does not have any code
Error: contract 0x0000000000000000000000000000000000000000 does not have any code
Error: contract 0x0000000000000000000000000000000000000000 does not have any code
Error: contract 0x0000000000000000000000000000000000000000 does not have any code
Error: contract 0x0000000000000000000000000000000000000000 does not have any code
Error: server returned an error response: error code -32000: execution reverted
Error: contract 0x0000000000000000000000000000000000000001 does not have any code
Error: server returned an error response: error code -32000: execution reverted
Error: contract 0x5db8606f2927e7173b3cab5a4c512d9f00bbf193 does not have any code
Error: server returned an error response: error code -32000: execution reverted
Error: contract 0x0000000000000000000000000000000000000000 does not have any code
Error: contract 0x0000000000000000000000000000000000000000 does not have any code
Error: contract 0x0000000000000000000000000000000000000000 does not have any code
Error: contract 0x0000000000000000000000000000000000000000 does not have any code
Error: contract 0x0000000000000000000000000000000000000000 does not have any code
Error: contract 0x0000000000000000000000000000000000000000 does not have any code
Error: contract 0x0000000000000000000000000000000000000000 does not have any code
Error: contract 0x0000000000000000000000000000000000000000 does not have any code
Error: contract 0x0000000000000000000000000000000000000000 does not have any code
Error: contract 0x0000000000000000000000000000000000000000 does not have any code
Error: contract 0x0000000000000000000000000000000000000000 does not have any code
Error: contract 0x0000000000000000000000000000000000000000 does not have any code
Error: contract 0x0000000000000000000000000000000000000000 does not have any code
Error: contract 0x0000000000000000000000000000000000000000 does not have any code
Error: contract 0x0000000000000000000000000000000000000000 does not have any code
Error: contract 0x3654581768d3d686ca86497b061afb01996d5668 does not have any code
Error: contract 0x0000000000000000000000000000000000000000 does not have any code
Error: contract 0x0000000000000000000000000000000000000000 does not have any code
Error: contract 0x0000000000000000000000000000000000000000 does not have any code
Error: contract 0x0000000000000000000000000000000000000000 does not have any code
Error: contract 0x0000000000000000000000000000000000000000 does not have any code
Error: contract 0x0000000000000000000000000000000000000000 does not have any code
Error: contract 0x000000000000000003349684b50e40540e2b8000 does not have any code
Error: contract 0x0000000000000000000000000000000000000000 does not have any code
Error: contract 0x0000000000000000000000000000000000000000 does not have any code
Error: contract 0x0000000000000000000000000000000000000000 does not have any code
Error: contract 0x0000000000000000000000000000000000000000 does not have any code
Error: contract 0x0000000000000000000000000000000000000000 does not have any code
Error: contract 0x0000000000000000000000000000000000000000 does not have any code
Error: contract 0x0000000000000000000000000000000000000000 does not have any code
Error: contract 0x0000000000000000000000000000000000000000 does not have any code
Error: contract 0x0000000000000000000000000000000000000000 does not have any code
Error: contract 0x0000000000000000000000000000000000000000 does not have any code
Error: contract 0x0000000000000000000000000000000000000000 does not have any code
Error: contract 0x0000000000000000000000000000000000000000 does not have any code
Error: contract 0x00000000000000000000000014d0fa633a3a9800 does not have any code
Error: contract 0x8b515c06e994614fdf6def693e640f33559eaf00 does not have any code
Error: contract 0x0000000000000000000000000000000000000000 does not have any code
Error: contract 0x0000000000000000000000000000000000000000 does not have any code
Error: contract 0x0000000000000000000000000000000000000000 does not have any code
Error: contract 0x0000000000000000000000000000000000000000 does not have any code
Error: contract 0x0000000000000000000000000000000000000000 does not have any code
Error: contract 0x0000000000000000000000000000000000000000 does not have any code
Error: contract 0x0000000000000000000000000000000000000000 does not have any code
Error: contract 0x0000000000000000000000000000000000000000 does not have any code
Error: contract 0x0000000000000000000000000000000000000000 does not have any code
Error: contract 0x0000000000000000000000000000000000000000 does not have any code
Error: contract 0x0000000000000000000000000000000000000000 does not have any code
Error: contract 0x0000000000000000000000000000000000000000 does not have any code
Error: contract 0x0000000000000000000000000000000000000000 does not have any code
Error: contract 0x0000000000000000000000000000000000000000 does not have any code
Error: contract 0x0000000000000000000000000000000000000000 does not have any code
Error: contract 0x0000000000000000000000000000000000000000 does not have any code
Error: contract 0x0000000000000000000000000000000000000000 does not have any code
Error: contract 0x0000000000000000000000000000000000000000 does not have any code
Error: contract 0x0000000000000000000000000000000000000000 does not have any code
Error: contract 0x0000000000000000000000000000000000000000 does not have any code
Error: contract 0x0000000000000000000000000000000000000000 does not have any code
Error: contract 0x0000000000000000024b2d28b650476050626000 does not have any code
Error: contract 0x0000000000000000000000000000000000000000 does not have any code
Error: contract 0x0000000000000000000000000000000000000000 does not have any code
Error: contract 0x0000000000000000000000000000000000000000 does not have any code
Error: contract 0x0000000000000000000000000000000000000000 does not have any code
Error: contract 0x0000000000000000000000000000000000000000 does not have any code
Error: contract 0x0000000000000000000000000000000000000000 does not have any code
Error: contract 0x0000000000000000000000000000000000000000 does not have any code
Error: contract 0x0000000000000000000000000000000000000000 does not have any code
Error: contract 0x0000000000000000000000000000000000000000 does not have any code
Error: contract 0x0000000000000000000000000000000000000000 does not have any code
Error: server returned an error response: error code -32000: execution reverted
Error: contract 0x0000000000000000000000000000000068124cba does not have any code
Error: contract 0x0000000000000000000000000000000000000000 does not have any code
Error: contract 0x0000000000000000000000000000000000000000 does not have any code
Error: contract 0x0000000000000000000000000000000000000000 does not have any code
Error: contract 0x0000000000000000000000000000000000000000 does not have any code
Error: contract 0x0000000000000000000000000000000000000000 does not have any code
Error: contract 0x0000000000000000000000000000000000000000 does not have any code
Error: contract 0x0000000000000000000000000000000000000000 does not have any code
Error: contract 0x668b858a8b06f5d0683deec5d312f1ca45ae6dc4 does not have any code
Error: contract 0x72dce162f3090113fdf1a90bf4e67b752f556d0f does not have any code
Error: contract 0x000000000000000000000000000000000076a700 does not have any code
Error: contract 0x000000000000000000000000000000000000a8c0 does not have any code
Error: contract 0x00000000000000000000000000000000000003e8 does not have any code
Error: contract 0x0000000000000000000000000000000000015180 does not have any code
Error: contract 0x00000000000000000000000000000000000001f4 does not have any code
Error: contract 0x000000000000000000081a16ecb31ce61ec00d50 does not have any code
Error: contract 0x00000000000000000002c36662c7b811b27b5f7a does not have any code
Error: contract 0x0000000000000000000000000000000000000000 does not have any code
Error: contract 0x0000000000000000000000000000000000000000 does not have any code
Error: contract 0x0000000000000000000000000000000000000001 does not have any code
Error: contract 0x0000000000000000000000000000000000000000 does not have any code
Error: contract 0x0000000000000000000000000000000000000000 does not have any code
Error: contract 0x0000000000000000000000000000000000000000 does not have any code
Error: contract 0x0000000000000000000000000000000000000000 does not have any code
Error: contract 0x0000000000000000000000000000000000000000 does not have any code
Error: contract 0x0000000000000000000000000000000000000000 does not have any code
Error: contract 0x0000000000000000000000000000000000000000 does not have any code
Error: contract 0x0000000000000000000000000000000000000000 does not have any code
Error: contract 0x0000000000000000000000000000000000000000 does not have any code
Error: contract 0x0000000000000000000000000000000000000000 does not have any code
Error: contract 0x0000000000000000000000000000000000000000 does not have any code
Error: contract 0x0000000000000000000000000000000000000000 does not have any code
Error: contract 0x0000000000000000000000000000000000000000 does not have any code
Error: contract 0x0000000000000000000000000000000000000000 does not have any code
Error: contract 0x0000000000000000000000000000000000000000 does not have any code
Error: contract 0x0000000000000000000000000000000000000000 does not have any code
Error: contract 0x0000000000000000000000000000000000000000 does not have any code
Error: contract 0x0000000000000000000000000000000000000001 does not have any code
Error: contract 0x0000000000000000000000000000000000000000 does not have any code
Error: contract 0x0000000000000000000000000000000000000000 does not have any code
Error: contract 0x0000000000000000000000000000000000000000 does not have any code
Error: contract 0x0000000000000000000000000000000000000000 does not have any code
Error: contract 0x0000000000000000000000000000000000000000 does not have any code
Error: contract 0x0000000000000000000000000000000000000000 does not have any code
Error: contract 0x0000000000000000000000000000000000000000 does not have any code
Error: contract 0x0000000000000000000000000000000000000000 does not have any code
Error: contract 0x0000000000000000000000000000000000000000 does not have any code
Error: contract 0x0000000000000000000000000000000000000000 does not have any code
Error: contract 0x0000000000000000000000000000000000000000 does not have any code
Error: contract 0x0000000000000000000000000000000000000000 does not have any code
Error: contract 0x0000000000000000000000000000000000000000 does not have any code
Error: contract 0x0000000000000000000000000000000000000000 does not have any code
Error: contract 0x0000000000000000000000000000000000000000 does not have any code
Error: contract 0x0000000000000000000000000000000000000000 does not have any code
Error: contract 0x0000000000000000000000000000000000000000 does not have any code
Error: contract 0x0000000000000000000000000000000000000000 does not have any code
Error: contract 0x0000000000000000000000000000000000000000 does not have any code

    Found contract: 0xb300000b...
    Found contract: 0xb300000b...
    Found contract: 0xb300000b...
    Found contract: 0xb300000b...
    Found contract: 0xa8acdd81...
    Found contract: 0xb300000b...
    Found contract: 0xb300000b...
    Found contract: 0x00000047...
    Found contract: 0x1b81d678...
    Found contract: 0x802b65b5...
    Found contract: 0xb300000b...
    Found contract: 0xb300000b...
    Found contract: 0xb300000b...
    Found contract: 0xb300000b...
    Found contract: 0xf57ef95f...
    Found contract: 0xb300000b...
    Found contract: 0x3986f744...
    Found contract: 0x10ed43c7...
    Found contract: 0x0fa0f96f...
    Found contract: 0xb300000b...
    Found contract: 0xb300000b...
    Found contract: 0x57baeebe...
    Found contract: 0xb300000b...
    Found contract: 0xb300000b...
    Found contract: 0xb300000b...
    Found contract: 0x1b81d678...
    Found contract: 0xb300000b...
    Found contract: 0x69f08d3e...
    Found contract: 0xb300000b...
    Found contract: 0xb300000b...
    Found contract: 0x278e81a0...
    Found contract: 0xb300000b...
    Found contract: 0xb300000b...
    Found contract: 0xb300000b...
    Found contract: 0x47ebcf27...
    Found contract: 0xb300000b...
    Found contract: 0xb300000b...
    Found contract: 0xbf4f2e1d...
    Found contract: 0xb300000b...
    Found contract: 0xb300000b...
    Found contract: 0xb300000b...
    Found contract: 0x6fa9ed95...
    Found contract: 0xb300000b...
    Found contract: 0xb300000b...
    Found contract: 0x59f4f336...
    Found contract: 0xb300000b...
    Found contract: 0x317cd61f...
    Found contract: 0x7b8a01b3...
    Found contract: 0xb300000b...
    Found contract: 0xb300000b...
    Found contract: 0xb300000b...
    Found contract: 0x2d3b5ca3...
    Found contract: 0xb300000b...
    Found contract: 0xb300000b...
    Found contract: 0x1b81d678...
    Found contract: 0xb300000b...
    Found contract: 0xb300000b...
    Found contract: 0xb300000b...
    Found contract: 0xb300000b...
    Found contract: 0xb300000b...
    Found contract: 0xb300000b...
    Found contract: 0x55d39832...
    Found contract: 0xb300000b...
    Found contract: 0xb300000b...
    Found contract: 0x5ddaf283...
    Found contract: 0x47ebcf27...
    Found contract: 0xb300000b...
    Found contract: 0xb300000b...
    Found contract: 0x802b65b5...
    Found contract: 0xbb4cdb9c...
    Found contract: 0xb300000b...
    Found contract: 0xb300000b...
    Found contract: 0xb300000b...
    Found contract: 0xb300000b...
    Found contract: 0xb300000b...
    Found contract: 0x10ed43c7...
    Found contract: 0xb300000b...
    Found contract: 0xedbe4ede...
    Found contract: 0x55d39832...
    Found contract: 0xb300000b...
    Found contract: 0xb300000b...
    Found contract: 0xb300000b...
    Found contract: 0xb300000b...
    Found contract: 0xb300000b...
    Found contract: 0xb300000b...
    Found contract: 0x55d39832...
    Found contract: 0x79a62304...
    Found contract: 0xb300000b...
    Found contract: 0x131ee81c...
    Found contract: 0x55d39832...
    Found contract: 0xb300000b...
    Found contract: 0xb300000b...
    Found contract: 0xb300000b...
    Found contract: 0x55d39832...
    Found contract: 0xb300000b...
    Found contract: 0xb300000b...
    Found contract: 0xb300000b...
    Found contract: 0xb300000b...
    Found contract: 0xb300000b...
    Found contract: 0x55d39832...
    Found contract: 0xb300000b...
    Found contract: 0xb300000b...
    Found contract: 0xb300000b...
    Found contract: 0x3e80a0fe...
    Found contract: 0x00000000...
    Found contract: 0xb300000b...
    Found contract: 0x5692db81...
    Found contract: 0xb300000b...
    Found contract: 0x55d39832...
    Found contract: 0xb300000b...
    Found contract: 0xb22f8e2a...
    Found contract: 0xb300000b...
    Found contract: 0x9b9efa5e...
    Found contract: 0xb300000b...
    Found contract: 0xb300000b...
    Found contract: 0x10ed43c7...
    Found contract: 0xb300000b...
    Found contract: 0x55d39832...
    Found contract: 0x481bb72e...
    Found contract: 0x29141750...
    Found contract: 0xb300000b...
    Found contract: 0xb300000b...
    Found contract: 0xb300000b...
    Found contract: 0xb300000b...
    Found contract: 0x59b53dd6...
    Found contract: 0xc0766d1b...
    Found contract: 0xb300000b...
    Found contract: 0x60ffd33c...
    Found contract: 0x55d39832...
    Found contract: 0xc75aabd3...
    Found contract: 0xb300000b...
    Found contract: 0xb300000b...
    Found contract: 0xb300000b...
    Found contract: 0xb300000b...
    Found contract: 0x194b302a...
    Found contract: 0xee6ead66...
    Found contract: 0xb300000b...
    Found contract: 0x55d39832...
    Found contract: 0xb300000b...
    Found contract: 0xad56fdbe...
    Found contract: 0x52bca77f...
    Found contract: 0x743cb7d6...
    Found contract: 0xb300000b...
    Found contract: 0xb300000b...
    Found contract: 0xe4fcc51a...
    Found contract: 0x8fef07b8...
    Found contract: 0x55d39832...
    Found contract: 0xb300000b...
    Found contract: 0x40f90625...
    Found contract: 0xfafb7581...
    Found contract: 0xb300000b...
  Found 16 contracts in block 55442451
    Found contract: 0x0fa0f96f...
    Found contract: 0xb300000b...
    Found contract: 0xb300000b...
    Found contract: 0xd9c500df...
  Found 19 contracts in block 55442452
    Found contract: 0xb300000b...
    Found contract: 0xb300000b...
  Found 10 contracts in block 55442455
    Found contract: 0x55d39832...
  Found 16 contracts in block 55442456
    Found contract: 0x00000047...
    Found contract: 0x55d39832...
  Found 11 contracts in block 55442457
    Found contract: 0xf2c921a4...
  Found 23 contracts in block 55442453
    Found contract: 0xb300000b...
    Found contract: 0x26c98b27...
  Found 23 contracts in block 55442458
    Found contract: 0xdcaaaea0...
  Found 18 contracts in block 55442454
    Found contract: 0x1b81d678...
  Found 18 contracts in block 55442459
    Found contract: 0x09015538...
    Found contract: 0x9e88995d...
    Found contract: 0xf57ef95f...
    Found contract: 0xac175d67...
    Found contract: 0xd615eb3e...
    Found contract: 0x55d39832...
    Found contract: 0x802b65b5...
    Found contract: 0x77f37407...
    Found contract: 0x60ffd33c...
    Found contract: 0x50b1325d...
    Found contract: 0x2e813805...
    Found contract: 0x9767324c...
    Found contract: 0xd597b1f6...
    Found contract: 0xb300000b...
    Found contract: 0xb300000b...
    Found contract: 0x55d39832...
    Found contract: 0xd9c500df...
    Found contract: 0xd9c500df...
    Found contract: 0xb300000b...
    Found contract: 0xc14ede79...
    Found contract: 0x1b81d678...
    Found contract: 0xc70d9712...
    Found contract: 0x46a15b0b...
  Found 26 contracts in block 55442460
  Total from blocks: 155 contracts

ðŸ“¡ Source 2: Getting verified contracts from Etherscan...
  Found 0 verified contracts

ðŸ“Š Total unique contracts found: 155

âœ… Successfully found 155 contracts from blockchain!

ðŸ” Analyzing contracts and finding associated tokens...
  [1/50] 0x8838702a3ae338f9d11ab0ab3b42d08bc738dcb0 - 1 tokens found
  [2/50] 0xec65f537bcb76552e94abf4e4e8114ccc218a46c - 5 tokens found
  [3/50] 0xc6533dca7be6ae0e56eacd6fa6387604a8bd28c3 - 5 tokens found
  [4/50] 0xf57ef95f08681a349dc146ad59eb06544cc4e702 - 1 tokens found
  [5/50] 0xac175d676d9d4027aa72f13bc9406fd05c28cf1e - 5 tokens found
  [6/50] 0x1b81d678ffb9c0263b24a97847620c99d213eb14 - 1 tokens found
  [7/50] 0x278e81a01c3716958a84e95d32bb1913ee9755c0 - 1 tokens found
  [8/50] 0xd615eb3ea3db2f994dce7d471a02d521b8e1d22d - 5 tokens found
  [9/50] 0xa533ca75460135885f818a6c9524ef8d1027aeed - 1 tokens found
  [10/50] 0x47ebcf27421858d4019238620a44a4ea10ebb5d9 - 1 tokens found
  [11/50] 0x350e52bb0f874f3b558a3679aac24268ee37a699 - 5 tokens found
  [12/50] 0x75ca521892de7f2ecfb070cab545c250d0ceb7e3 - 2 tokens found
  [13/50] 0xfafb7581a65a1f554616bf780fc8a8acd2ab8c9b - 5 tokens found
  [14/50] 0x5fa78db915aecbdfd502affda277cb9632c8d4c2 - 2 tokens found
  [15/50] 0x5ff137d4b0fdcd49dca30c7cf57e578a026d2789 - 5 tokens found
  [16/50] 0x5c952063c7fc8610ffdb798152d69f0b9550762b - 5 tokens found
  [17/50] 0x26c98b27ab51af12c616d2d2eb99909b6bde6ddeError: contract 0x0000000000000000000000000000000000000000 does not have any code
Error: contract 0x0000000000000000000000000000000000000000 does not have any code
Error: contract 0x0000000000000000000000000000000000000000 does not have any code
Error: contract 0x00000000000000000000002be902146fa2680000 does not have any code
Error: server returned an error response: error code -32000: invalid input length
Error: contract 0x0000000000000000000000000000000000000000 does not have any code
Error: contract 0x0000000000000000000000000000000000000000 does not have any code
Error: contract 0x0000000000000000000000000000000000000000 does not have any code
Error: contract 0x0000000000000000000000000000000000000000 does not have any code
Error: contract 0x0000000000000000000000000000000000000000 does not have any code
Error: contract 0x0000000000000000000000000000000000000000 does not have any code
Error: contract 0x0000000000000000000000000000000000000000 does not have any code
Error: contract 0x0000000000000000000000000000000000000000 does not have any code
Error: contract 0x0000000000000000000000000000000000000000 does not have any code
Error: contract 0x0000000000000000000000000000000000000000 does not have any code
Error: contract 0x0000000000000000000000000000000000000000 does not have any code
Error: contract 0x0000000000000000000000000000000000000000 does not have any code
Error: contract 0x0000000000000000000000000000000000000000 does not have any code
Error: contract 0x0000000000000000000000000000000000000000 does not have any code
Error: contract 0x0000000000000000000000000000000000000001 does not have any code
Error: contract 0x00000000000000000001a784379d99db42000000 does not have any code
Error: contract 0x0000000000000000000000000000000000000000 does not have any code
Error: could not decode output; did you specify the wrong function return data type?

Context:
- ABI decoding failed: buffer overrun while deserializing
Error: contract 0x0000000000000000000000000000000000000000 does not have any code
Error: contract 0x0000000000000000000000000000000000000000 does not have any code
Error: contract 0x0000000000000000000000000000000000000000 does not have any code
Error: contract 0x0000000000000000000000000000000000000000 does not have any code
Error: contract 0x0000000000000000000000000000000000000000 does not have any code
Error: contract 0x0000000000000000000000000000000000000000 does not have any code
Error: contract 0x0000000000000000000000000000000000000000 does not have any code
Error: contract 0x0000000000000000000000000000000000000000 does not have any code
Error: contract 0x0000000000000000000000000000000000000000 does not have any code
Error: contract 0x0000000000000000000000000000000000000000 does not have any code
Error: contract 0x0000000000000000000000000000000000000000 does not have any code
Error: contract 0x0000000000000000000000000000000000000000 does not have any code
Error: contract 0x0000000000000000000000000000000000000000 does not have any code
Error: contract 0x0000000000000000000000000000000000000000 does not have any code
Error: contract 0xa1b38769943c6e88439d0e6660a930e9980d8931 does not have any code
Error: contract 0x0000000000000000000000000000000000000000 does not have any code
Error: contract 0x0000000000000000000000000000000000000000 does not have any code
Error: contract 0xa1b38769943c6e88439d0e6660a930e9980d8931 does not have any code
Error: contract 0x0000000000000000000000000000000000000000 does not have any code
Error: contract 0x0000000000000000000000000000000000000000 does not have any code
Error: contract 0x0000000000000000000000000000000000000000 does not have any code
Error: contract 0x0000000000000000000000000000000000000000 does not have any code
Error: contract 0x0000000000000000000000000000000000000000 does not have any code
Error: contract 0x0000000000000000000000000000000000000000 does not have any code
Error: contract 0x0000000000000000000000000000000000000000 does not have any code
Error: contract 0x0000000000000000000000000000000000000000 does not have any code
Error: contract 0x0000000000000000000000000000000000000000 does not have any code
Error: contract 0x0000000000000000000000000000000000000000 does not have any code
Error: contract 0x0000000000000000000000000000000000000000 does not have any code
Error: contract 0x0000000000000000000000000000000000000000 does not have any code
Error: contract 0x0000000000000000000000000000000000000000 does not have any code
Error: contract 0x0000000000000000000000000000000000000000 does not have any code
Error: contract 0x0000000000000000000000000000000000000000 does not have any code
Error: contract 0x0000000000000000000000000000000000000000 does not have any code
Error: contract 0x0000000000000000000000000000000000000000 does not have any code
Error: contract 0x0000000000000000000000000000000000000000 does not have any code
Error: contract 0x0000000000000000000000000000000000000000 does not have any code
Error: contract 0x0000000000000000000000000000000000000000 does not have any code
Error: contract 0x0000000000000000000000000000000000000000 does not have any code
Error: contract 0x0000000000000000000000000000000000000000 does not have any code
Error: contract 0x0000000000000000000000000000000000000000 does not have any code
Error: contract 0x0000000000000000000000000000000000000000 does not have any code
Error: contract 0x0000000000000000000000000000000000000000 does not have any code
Error: contract 0x0000000000000000000000000000000000000000 does not have any code
Error: contract 0x0000000000000000000000000000000000000000 does not have any code
Error: contract 0x0000000000000000000000000000000000000000 does not have any code
Error: contract 0x0000000000000000000000000000000000000000 does not have any code
Error: contract 0x0000000000000000000000000000000000000000 does not have any code
Error: contract 0x0000000000000000000000000000000000000000 does not have any code
Error: contract 0x0000000000000000000000000000000000000000 does not have any code
Error: contract 0x0000000000000000000000000000000000000000 does not have any code
Error: contract 0x0000000000000000000000000000000000000000 does not have any code
Error: contract 0x0000000000000000000000000000000000000000 does not have any code
Error: contract 0x0000000000000000000000000000000000000000 does not have any code
Error: server returned an error response: error code -32000: execution reverted
Error: contract 0x0000000000000000000000000000000000000000 does not have any code
Error: contract 0x0000000000000000000000000000000000000000 does not have any code
Error: contract 0x0000000000000000000000000000000000000000 does not have any code
Error: contract 0x0000000000000000000000000000000000000000 does not have any code
Error: contract 0x0000000000000000000000000000000000000000 does not have any code
Error: contract 0x0000000000000000000000000000000000000000 does not have any code
Error: contract 0x0000000000000000000000000000000000000000 does not have any code
Error: server returned an error response: error code -32000: execution reverted
Error: contract 0x0000000000000001000000000000000000000000 does not have any code
Error: contract 0x0000000000000000000000000000000000000000 does not have any code
Error: contract 0x0000000000000000000000000000000000000000 does not have any code
Error: contract 0x0000000000000000000000000000000000000000 does not have any code
Error: contract 0x0000000000000000000000000000000000000000 does not have any code
Error: contract 0x0000000000000000000000000000000000000000 does not have any code
Error: contract 0x0000000000000000000000000000000000000000 does not have any code
Error: contract 0x0000000000000000000000000000000000000000 does not have any code
Error: contract 0x0000000000000000000000000000000000000000 does not have any code
Error: contract 0x0000000000000000000000000000000000000000 does not have any code
Error: contract 0x0000000000000000000000000000000000000000 does not have any code
Error: contract 0x0000000000000000000000000000000000000001 does not have any code
Error: contract 0x0000000000000000000000000000000000000000 does not have any code
Error: contract 0x0000000000000000000000000000000000000000 does not have any code
Error: contract 0x0000000000000000033a5a796c3a4bd97c812515 does not have any code
Error: contract 0x8a4b64162906eff0ff6ae34e2bb1cd42fef62d12 does not have any code
Error: contract 0x0000000000000000000000000000000000000000 does not have any code
Error: contract 0x0000000000000000000000000000000000000000 does not have any code
Error: contract 0x0000000000000000000000000000000000000000 does not have any code
Error: contract 0x0000000000000000000000000000000000000000 does not have any code
Error: contract 0x0000000000000000000000000000000000000000 does not have any code
Error: contract 0x0000000000000000000000000000000000000000 does not have any code
Error: contract 0x0000000000000000000000000000000000000000 does not have any code
Error: contract 0x0000000000000000000000000000000000000000 does not have any code
Error: contract 0x0000000000000000000000000000000000000000 does not have any code
Error: contract 0x0000000000000000000000000000000000000000 does not have any code
Error: contract 0x0000000000000000000000000000000000000000 does not have any code
Error: contract 0x0000000000000000000000000000000000000000 does not have any code
Error: contract 0x0000000000000000000000000000000000000000 does not have any code
Error: contract 0x55c09707fd7afd670e82a62faee312903940013e does not have any code
Error: contract 0x0000000000000000000000000000000000000000 does not have any code
Error: contract 0x0000000000000000000000000000000000000000 does not have any code
Error: contract 0x0000000000000000000000000000000000000000 does not have any code
Error: contract 0x0000000000000000000000000000000000000000 does not have any code
Error: contract 0x0000000000000000000000000000000000000000 does not have any code
Error: contract 0x0000000000000000000000000000000000000000 does not have any code
Error: contract 0x0000000000000000000000000000000000000000 does not have any code
Error: contract 0x0000000000000000000000000000000000000000 does not have any code
Error: contract 0x0000000000000000000000000000000000000000 does not have any code
Error: contract 0x0000000000000000000000000000000000000000 does not have any code
Error: contract 0x0000000000000000000000000000000000000000 does not have any code
Error: contract 0x0000000000000000000000000000000000000000 does not have any code
Error: contract 0x0000000000000000000000000000000000000000 does not have any code
Error: contract 0x0000000000000000000000000000000000000000 does not have any code
Error: contract 0x0000000000000000000000000000000000000000 does not have any code
Error: contract 0x0000000000000000000000000000000000000000 does not have any code
Error: contract 0x0000000000000000000000000000000000000000 does not have any code
Error: contract 0x0000000000000000000000000000000000000000 does not have any code
Error: contract 0x0000000000000000000000000000000000000000 does not have any code
Error: server returned an error response: error code -32000: execution reverted
Error: contract 0x0000000000000000000000000000000000000001 does not have any code
Error: server returned an error response: error code -32000: execution reverted
Error: contract 0x0000000000000000000000000000000000000000 does not have any code
Error: contract 0x0000000000000000000000000000000000000000 does not have any code
Error: contract 0x0000000000000000000000000000000000000000 does not have any code
Error: contract 0x0000000000000000000000000000000000000000 does not have any code
Error: contract 0x0000000000000000000000000000000000000000 does not have any code
Error: contract 0x0000000000000000000000000000000000000000 does not have any code
Error: contract 0x0000000000000000000000000000000000000000 does not have any code
Error: contract 0x0000000000000000000000000000000000000000 does not have any code
Error: contract 0x0000000000000000000000000000000000000000 does not have any code
Error: contract 0x0000000000000000000000000000000000000000 does not have any code
Error: contract 0x0000000000000000000000000000000000000000 does not have any code
Error: contract 0x0000000000000000000000000000000000000000 does not have any code
Error: contract 0x0000000000000000000000000000000000000000 does not have any code
Error: contract 0x0000000000000000000000000000000000000000 does not have any code
Error: contract 0x0000000000000000000000000000000000000000 does not have any code
Error: contract 0x0000000000000000000000000000000000000000 does not have any code
Error: contract 0x0000000000000000000000000000000000000000 does not have any code
Error: contract 0xae2e39813c345ae8eeaea15ddd989a890da6d3e2 does not have any code
Error: server returned an error response: error code -32000: execution reverted
Error: server returned an error response: error code -32000: execution reverted
Error: contract 0xff5a812d1c4e6f0e44d3462da16ea5edccb2930e does not have any code
Error: contract 0x0000000000000000000000000000000000000000 does not have any code
Error: contract 0x0000000000000000000000000000000000000000 does not have any code
Error: contract 0x0000000000000000000000000000000000000000 does not have any code
Error: contract 0x0000000000000000000000000000000000000000 does not have any code
Error: contract 0x0000000000000000000000000000000000000000 does not have any code
Error: contract 0x0000000000000000000000000000000000000000 does not have any code
Error: contract 0x0000000000000000000000000000000000000000 does not have any code
Error: contract 0x0000000000000000000000000000000000000000 does not have any code
Error: contract 0x0000000000000000000000000000000000000000 does not have any code
Error: contract 0x0000000000000000000000000000000000000000 does not have any code
Error: contract 0x0000000000000000000000000000000000000000 does not have any code
Error: contract 0x0000000000000000000000000000000000000000 does not have any code
Error: contract 0x0000000000000000000000000000000000000000 does not have any code
Error: contract 0x0000000000000000000000000000000000000000 does not have any code
Error: contract 0x0000000000000000000000000000000000000000 does not have any code
Error: contract 0x0000000000000000000000000000000000000000 does not have any code
Error: contract 0x000000000000000000000000000000000000006e does not have any code
Error: contract 0x67d09b87a705a878118f04cc89705aa8fc4a0707 does not have any code
Error: contract 0x0000000000000000000000000000000000000000 does not have any code
Error: contract 0x0000000000000000000000000000000000000000 does not have any code
Error: contract 0xf161ae29361e332dea039dfa2f404e0bc5b5cc00 does not have any code
Error: contract 0x0000000000000000000000000000000000000000 does not have any code
Error: contract 0x0000000000000000000000000000000000000001 does not have any code
Error: contract 0x0000000000000000000000000000000000000000 does not have any code
Error: contract 0x0000000000000000000000000000000000000000 does not have any code
Error: contract 0x0000000000000000000cc1f31011630becb4c80c does not have any code
Error: contract 0x0000000000000000000000000000000000000000 does not have any code
Error: contract 0x0000000000000000000000000000000000ed4e00 does not have any code
Error: contract 0x0000000000000000000000000000000000000000 does not have any code
Error: contract 0x0000000000000000000000000000000000000000 does not have any code
Error: contract 0x0000000000000000000000000000000000000000 does not have any code
Error: contract 0x0000000000000000000000000000000000000000 does not have any code
Error: contract 0x0000000000000000000000000000000000000000 does not have any code
Error: contract 0x0000000000000000000000000000000000000000 does not have any code
Error: contract 0x0000000000000000000000000000000000000000 does not have any code
Error: contract 0x0000000000000000000000000000000000000000 does not have any code
Error: contract 0x398ee312b8d772f7e4912100620702f2e005a90d does not have any code
Error: server returned an error response: error code -32000: execution reverted
Error: server returned an error response: error code -32000: execution reverted
Error: server returned an error response: error code -32000: execution reverted
Error: server returned an error response: error code -32000: execution reverted
Error: contract 0x00000000000000000000000006f05b59d3b20000 does not have any code
Error: contract 0x00000000000000000000021e19e0c9bab2400000 does not have any code
Error: contract 0x0000000000000000000000000000000000015180 does not have any code
Error: server returned an error response: error code -32000: invalid input length
Error: contract 0x0000000000000000000000000000000000000000 does not have any code
Error: contract 0x0000000000000000000000000000000000000000 does not have any code
Error: contract 0x0000000000000000000000000000000000000000 does not have any code
Error: contract 0x0000000000000000000000000000000000000000 does not have any code
Error: contract 0x0000000000000000000000000000000000000000 does not have any code
Error: contract 0x0000000000000000000000000000000000000000 does not have any code
Error: contract 0x0000000000000000000000000000000000000000 does not have any code
Error: contract 0x0000000000000000000000000000000000000000 does not have any code
Error: contract 0x0000000000000000000000000000000000000000 does not have any code
Error: contract 0x0000000000000000000000000000000000000000 does not have any code
Error: contract 0x89f35634809defcd5e23c0da3168c54e4cfc995b does not have any code
Error: contract 0x0000000000000000000000000000000068858120 does not have any code
Error: contract 0x0000000000000000000000000bdebaec9ae310e4 does not have any code
Error: contract 0x0000000000000000000ff288d9100e8ba727b3be does not have any code
Error: contract 0x0000000000000000000000000000000000000000 does not have any code
Error: contract 0x000000000000000000000000000000000000d8ed does not have any code
Error: server returned an error response: error code -32000: bn256: coordinate exceeds modulus
Error: server returned an error response: error code -32000: execution reverted
Error: contract 0x0000000000000000000000000000000000000000 does not have any code
Error: contract 0x00000000000000000000000000000000000f4240 does not have any code
Error: contract 0x0000000000000000000000000000000000000000 does not have any code
Error: contract 0x0000000000000000000000000000000000000000 does not have any code
Error: contract 0x0000000000000000000000000000000000000000 does not have any code
Error: contract 0x0000000000000000000000000000000000000000 does not have any code
Error: contract 0x0000000000000000000000000000000000000000 does not have any code
Error: contract 0x0000000000000000000000000000000000000000 does not have any code
Error: contract 0x0000000000000000000000000000000000000000 does not have any code
Error: contract 0x0000000000000000000000000000000000000000 does not have any code
Error: contract 0xf68a4b64162906eff0ff6ae34e2bb1cd42fef62d does not have any code
Error: contract 0x0000000000000000000000000000000000000000 does not have any code
Error: contract 0x0000000000000000000000000000000000000000 does not have any code
Error: contract 0x000000000000000015ec6a4d76613542cb58b09a does not have any code
Error: contract 0x0000000000000000000000000000000000000012 does not have any code
Error: contract 0x0000000000000000000000000000000000000000 does not have any code
Error: contract 0x0000000000000000000000000000000000000000 does not have any code
Error: contract 0x0000000000000000000000000000000000000000 does not have any code
Error: contract 0x0000000000000000000000000000000000000000 does not have any code
Error: contract 0x0000000000000000000000000000000000000000 does not have any code
Error: contract 0x0000000000000000000000000000000000000000 does not have any code
Error: contract 0x0000000000000000000000000000000000000000 does not have any code
Error: contract 0x0000000000000000000000000000000000000000 does not have any code
Error: contract 0x0000000000000000000000000000000000000000 does not have any code
Error: contract 0x0000000000000000000000000000000000000000 does not have any code
Error: contract 0x0000000000000000000000000000000000000000 does not have any code
Error: contract 0x0000000000000000000000000000000000000000 does not have any code
Error: contract 0x0000000000000000000000000000000000000000 does not have any code
Error: contract 0xaa3a5f64890a7018603c94e59fb92fd25c118db8 does not have any code
Error: contract 0xaa3a5f64890a7018603c94e59fb92fd25c118db8 does not have any code
Error: contract 0xaa3a5f64890a7018603c94e59fb92fd25c118db8 does not have any code
Error: contract 0x0000000000000000000000000000000000000000 does not have any code
Error: contract 0x0000000000000000000000005f170b954b6cb8b2 does not have any code
Error: contract 0x0000000000000000000000000000000000000000 does not have any code
Error: contract 0x0000000000000000000000000000000000000000 does not have any code
Error: contract 0x0000000000000000000000000000000000000000 does not have any code
Error: contract 0x0000000000000000000000000000000000000000 does not have any code
Error: contract 0x0000000000000000000000000000000000000000 does not have any code
Error: contract 0x0000000000000000000000000000000000000000 does not have any code
Error: contract 0x0000000000000000000000000000000000000000 does not have any code
Error: contract 0x0000000000000000000000000000000000000000 does not have any code
Error: contract 0x0000000000000000000000000000000000000000 does not have any code
Error: contract 0x0000000000000000000000000000000000000000 does not have any code
Error: contract 0x0000000000000000000000000000000000000000 does not have any code
Error: contract 0x0000000000000000000000000000000000000000 does not have any code
Error: contract 0x0000000000000000000000000000000000000000 does not have any code
Error: contract 0x0000000000000000000000000000000000000000 does not have any code
Error: contract 0x0000000000000000000000000000000000000000 does not have any code
Error: contract 0x0000000000000000000000000000000000000000 does not have any code
Error: contract 0x0000000000000000000000000000000000000000 does not have any code
Error: contract 0x0000000000000000000000000000000000000000 does not have any code
Error: contract 0x0000000000000000000000000000000000000000 does not have any code
Error: contract 0x0000000000000000000000000000000000000000 does not have any code
Error: contract 0x0000000000000000000000000000000000000000 does not have any code
Error: contract 0x0000000000000000000000000000000000000000 does not have any code
Error: contract 0x0000000000000000000000000000000000000000 does not have any code
Error: contract 0x0000000000000000000000000000000000000000 does not have any code
Error: contract 0x0000000000000000000000000000000000000000 does not have any code
Error: contract 0x0000000000000000000000000000000000000000 does not have any code
Error: contract 0x0000000000000000000000000000000000000000 does not have any code
Error: contract 0x0000000000000000000000000000000000000000 does not have any code
Error: contract 0x0000000000000000000000000000000000000000 does not have any code
Error: contract 0x0000000000000000000000000000000000000000 does not have any code
Error: contract 0x0000000000000000000000000000000000000000 does not have any code
Error: contract 0x0000000000000000000000000000000000000000 does not have any code
Error: contract 0x0000000000000000000000000000000000000000 does not have any code
Error: contract 0x0000000000000000000000000000000000000000 does not have any code
Error: contract 0x0000000000000000000000000000000000000000 does not have any code
Error: contract 0x0000000000000000000000000000000000000001 does not have any code
Error: contract 0x0000000000000000000000000000000000000000 does not have any code
Error: contract 0x0000000000000000000000000000000000000000 does not have any code
Error: contract 0x0000000000000000000000000000000000000000 does not have any code
Error: contract 0x0000000000000000000000000000000000000000 does not have any code
Error: contract 0x0000000000000000000000000000000000000000 does not have any code
Error: contract 0x0000000000000000000000000000000000000000 does not have any code
Error: contract 0x0000000000000000000000000000000000000000 does not have any code
Error: contract 0x0000000000000000000000000000000000000000 does not have any code
Error: contract 0x0000000000000000000000000000000000000000 does not have any code
Error: contract 0x0000000000000000000000000000000000000000 does not have any code
Error: contract 0x0000000000000000000000000000000000000000 does not have any code
Error: contract 0x0000000000000000000000000000000000000000 does not have any code
Error: contract 0x0000000000000000000000000000000000000000 does not have any code
Error: contract 0x0000000000000000000000000000000000000000 does not have any code
Error: contract 0x0000000000000000000000000000000000000000 does not have any code
Error: contract 0x0000000000000000000000000000000000000000 does not have any code
Error: contract 0x0000000000000000000000000000000000000000 does not have any code
Error: contract 0x0000000000000000000000000000000000000000 does not have any code
Error: contract 0x0000000000000000000000000000000000000000 does not have any code
Error: server returned an error response: error code -32000: execution reverted
Error: server returned an error response: error code -32000: execution reverted
