=== Proven MEV Scanner ===
Focused on ERC20 vulnerabilities

🧪 Confirming BEGO vulnerability...

🎯 Fuzzing 0x68Cc9035... at block 22315679
   🚨 VULNERABILITY FOUND!
✅ Confirmed! Profit: 12.036 ETH

📡 Scanning recent blocks for similar patterns...
📡 Scanning 10 blocks from 56627445
  Block 56627445...
  Block 56627446...
  Block 56627447...
  Block 56627448...
  Block 56627449...
  Block 56627450...
  Block 56627451...
  Block 56627452...
  Block 56627453...
  Block 56627454...

Found 0 new contracts

============================================================
📊 SCAN COMPLETE
============================================================
Contracts tested: 1
Vulnerabilities found: 1

💰 Total profit potential: 12.0360 ETH

🚨 Vulnerable contracts:
  0x68Cc9035... at block 22315679
    Profit: 12.0360 ETH
    Work dir: mev/work_dirs/0x68Cc90351a79A4c10078FE021bE430b7a12aaA09_erc20_22315679_1754469498

📄 Report: mev/fuzzing_logs/proven_mev_scan_1754469538.json
✅ All MEV data saved!
