=== Universal Contract Fuzzer ===
Finding ALL contracts and letting ItyFuzz detect vulnerabilities
Each project saves its work_dir for MEV exploitation

Historical RPC: Block 55442460
Public RPC: Block 56628715
Will fuzz at block: 56628714

📡 Source 1: Scanning recent blocks...
  Scanning blocks 55442440 to 55442460
    Found contract: 0x4345a105...
    Found contract: 0xe4eab320...
    Found contract: 0x22ca19f1...
    Found contract: 0xcfe66d6c...
    Found contract: 0xff2f8a36...
    Found contract: 0xba53da03...
    Found contract: 0x6134e2c5...
    Found contract: 0xfb34b8d3...
    Found contract: 0x802b65b5...
    Found contract: 0x802b65b5...
    Found contract: 0x2859e454...
    Found contract: 0xd9c500df...
    Found contract: 0x6131b5fa...
    Found contract: 0xfee9966e...
    Found contract: 0xba53da03...
    Found contract: 0xda77c035...
    Found contract: 0x22ca19f1...
    Found contract: 0x82371eb9...
    Found contract: 0xd9c500df...
    Found contract: 0xd9c500df...
    Found contract: 0x68259336...
    Found contract: 0x0fa0f96f...
    Found contract: 0xfee9966e...
    Found contract: 0xb300000b...
    Found contract: 0x426603ba...
    Found contract: 0xb300000b...
    Found contract: 0xaa18f5cc...
    Found contract: 0x802b65b5...
    Found contract: 0xd9c500df...
    Found contract: 0x0fa0f96f...
    Found contract: 0xfee9966e...
    Found contract: 0x9999b0cd...
    Found contract: 0x9999b0cd...
    Found contract: 0x1b81d678...
    Found contract: 0x13f4ea83...
    Found contract: 0x59b53dd6...
    Found contract: 0x00000000...
    Found contract: 0x802b65b5...
    Found contract: 0x802b65b5...
    Found contract: 0x802b65b5...
    Found contract: 0xfd7ac7e9...
    Found contract: 0xaaa39853...
    Found contract: 0x13f4ea83...
    Found contract: 0xd9c500df...
    Found contract: 0xd9c500df...
    Found contract: 0x59b53dd6...
    Found contract: 0x00000000...
    Found contract: 0xba53da03...
    Found contract: 0xac4c6e21...
    Found contract: 0xd9c500df...
    Found contract: 0x13f4ea83...
    Found contract: 0xd9c500df...
    Found contract: 0x55d39832...
    Found contract: 0x55d39832...
    Found contract: 0x802b65b5...
    Found contract: 0xefe7a50f...
    Found contract: 0x802b65b5...
    Found contract: 0x802b65b5...
    Found contract: 0x802b65b5...
    Found contract: 0x13f4ea83...
    Found contract: 0x9b9efa5e...
    Found contract: 0xa8acdd81...
    Found contract: 0xefe7a50f...
    Found contract: 0xd9c500df...
    Found contract: 0xba53da03...
    Found contract: 0x42407fb3...
    Found contract: 0x802b65b5...
    Found contract: 0x3d7ab4d0...
    Found contract: 0x6baa8dee...
    Found contract: 0x55d39832...
    Found contract: 0x00000047...
    Found contract: 0xe4fcc51a...
    Found contract: 0x802b65b5...
    Found contract: 0x802b65b5...
    Found contract: 0x9b9efa5e...
    Found contract: 0xd9c500df...
    Found contract: 0xdb1a1c98...
    Found contract: 0xb300000b...
    Found contract: 0x55d39832...
    Found contract: 0x55d39832...
    Found contract: 0x802b65b5...
    Found contract: 0x6aba0315...
    Found contract: 0xb300000b...
    Found contract: 0x55d39832...
    Found contract: 0x5e3b3766...
    Found contract: 0x9e88995d...
    Found contract: 0x55d39832...
    Found contract: 0x13f4ea83...
    Found contract: 0x802b65b5...
    Found contract: 0x6aba0315...
    Found contract: 0x9b9efa5e...
    Found contract: 0xb300000b...
    Found contract: 0x6aba0315...
    Found contract: 0x1b81d678...
    Found contract: 0x13f4ea83...
    Found contract: 0x55d39832...
    Found contract: 0x1b81d678...
    Found contract: 0x802b65b5...
    Found contract: 0xb300000b...
    Found contract: 0x802b65b5...
    Found contract: 0x6aba0315...
    Found contract: 0xa533ca75...
    Found contract: 0x6aba0315...
    Found contract: 0x802b65b5...
    Found contract: 0xe4eab320...
    Found contract: 0xb300000b...
    Found contract: 0xb300000b...
    Found contract: 0x802b65b5...
    Found contract: 0x10ed43c7...
    Found contract: 0x1b81d678...
    Found contract: 0xe4fcc51a...
    Found contract: 0x0fa0f96f...
    Found contract: 0x55d39832...
    Found contract: 0xb300000b...
    Found contract: 0xb300000b...
    Found contract: 0x802b65b5...
    Found contract: 0x2f24c0e6...
    Found contract: 0x1b81d678...
    Found contract: 0x1b81d678...
    Found contract: 0x1b81d678...
    Found contract: 0x55d39832...
    Found contract: 0xbb4cdb9c...
    Found contract: 0xb300000b...
    Found contract: 0xcc364281...
    Found contract: 0xb300000b...
    Found contract: 0x6aba0315...
    Found contract: 0x1b81d678...
    Found contract: 0xb300000b...
    Found contract: 0x47ebcf27...
    Found contract: 0x1b81d678...
    Found contract: 0x55d39832...
    Found contract: 0xb300000b...
    Found contract: 0xd36b6d64...
    Found contract: 0xb300000b...
    Found contract: 0x6aba0315...
    Found contract: 0x47ebcf27...
    Found contract: 0xb300000b...
    Found contract: 0x47ebcf27...
    Found contract: 0x0ba6d224...
    Found contract: 0xb300000b...
    Found contract: 0x55d39832...
    Found contract: 0xb300000b...
    Found contract: 0x6aba0315...
    Found contract: 0x1b81d678...
    Found contract: 0xb300000b...
    Found contract: 0x47ebcf27...
    Found contract: 0x47ebcf27...
    Found contract: 0x55d39832...
    Found contract: 0xb300000b...
    Found contract: 0x47ebcf27...
    Found contract: 0xb300000b...
    Found contract: 0x6aba0315...
    Found contract: 0x00000000...
    Found contract: 0x0fa0f96f...
    Found contract: 0x47ebcf27...
    Found contract: 0x47ebcf27...
    Found contract: 0x55d39832...
    Found contract: 0xb300000b...
    Found contract: 0x47ebcf27...
    Found contract: 0xc75aabd3...
    Found contract: 0xee6ead66...
    Found contract: 0x00000047...
    Found contract: 0xb300000b...
    Found contract: 0xb300000b...
    Found contract: 0x1b81d678...
    Found contract: 0x1b81d678...
    Found contract: 0xb300000b...
    Found contract: 0x47ebcf27...
    Found contract: 0x8ac76a51...
    Found contract: 0x55d39832...
    Found contract: 0x00000047...
    Found contract: 0xb300000b...
    Found contract: 0xb300000b...
    Found contract: 0xb300000b...
    Found contract: 0x10ed43c7...
    Found contract: 0xb300000b...
    Found contract: 0x0fa0f96f...
    Found contract: 0x47ebcf27...
    Found contract: 0x55d39832...
    Found contract: 0xb300000b...
    Found contract: 0xb300000b...
    Found contract: 0xb300000b...
    Found contract: 0xd9c500df...
    Found contract: 0xb300000b...
    Found contract: 0x47ebcf27...
    Found contract: 0x0fa0f96f...
    Found contract: 0x00000000...
    Found contract: 0xc6533dca...
    Found contract: 0x1b81d678...
    Found contract: 0xb300000b...
    Found contract: 0xb300000b...
    Found contract: 0xb300000b...
    Found contract: 0xb300000b...
    Found contract: 0x0fa0f96f...
    Found contract: 0xb300000b...
    Found contract: 0x47ebcf27...
    Found contract: 0xb300000b...
    Found contract: 0xb300000b...
    Found contract: 0x55d39832...
    Found contract: 0xf6531241...
    Found contract: 0x10ed43c7...
    Found contract: 0x00000000...
    Found contract: 0xb300000b...
    Found contract: 0x0fa0f96f...
    Found contract: 0xb300000b...
    Found contract: 0x47ebcf27...
    Found contract: 0xb300000b...
    Found contract: 0xb994882a...
    Found contract: 0x802b65b5...
    Found contract: 0xb300000b...
    Found contract: 0xadb984fb...
    Found contract: 0xb300000b...
    Found contract: 0xb300000b...
    Found contract: 0x00000000...
    Found contract: 0xb300000b...
    Found contract: 0x47ebcf27...
    Found contract: 0xb300000b...
    Found contract: 0xb300000b...
    Found contract: 0xee6ead66...
    Found contract: 0x75ca5218...
    Found contract: 0xb300000b...
    Found contract: 0xb300000b...
    Found contract: 0x00000000...
    Found contract: 0xb300000b...
    Found contract: 0xb300000b...
    Found contract: 0x47ebcf27...
    Found contract: 0xb300000b...
    Found contract: 0x55d39832...
    Found contract: 0x6f0e4623...
    Found contract: 0x00000000...
  Found 14 contracts in block 55442441
    Found contract: 0xb300000b...
    Found contract: 0xb300000b...
    Found contract: 0x47ebcf27...
    Found contract: 0x00000000...
    Found contract: 0x00000000...
    Found contract: 0x55d39832...
    Found contract: 0xb300000b...
    Found contract: 0xe527a772...
    Found contract: 0xadb984fb...
    Found contract: 0xb300000b...
    Found contract: 0xb300000b...
    Found contract: 0xb300000b...
    Found contract: 0x47ebcf27...
    Found contract: 0x1b81d678...
    Found contract: 0xb300000b...
    Found contract: 0xb300000b...
    Found contract: 0x3d90f66b...
    Found contract: 0x52bca77f...
    Found contract: 0xb300000b...
    Found contract: 0xb300000b...
    Found contract: 0xb300000b...
    Found contract: 0x55d39832...
    Found contract: 0xb300000b...
    Found contract: 0x6aba0315...
    Found contract: 0x47ebcf27...
    Found contract: 0x661240b9...
    Found contract: 0xb300000b...
    Found contract: 0xb300000b...
    Found contract: 0x0c1da220...
    Found contract: 0xb300000b...
    Found contract: 0x10ed43c7...
    Found contract: 0x6aba0315...
    Found contract: 0xb300000b...
    Found contract: 0xba53da03...
    Found contract: 0x47ebcf27...
    Found contract: 0x10ed43c7...
    Found contract: 0xb300000b...
    Found contract: 0xb300000b...
    Found contract: 0xb300000b...
    Found contract: 0xb300000b...
    Found contract: 0xb300000b...
    Found contract: 0x6aba0315...
    Found contract: 0x55d39832...
    Found contract: 0xb7d0ec13...
    Found contract: 0x47ebcf27...
    Found contract: 0xbb4cdb9c...
    Found contract: 0xb300000b...
    Found contract: 0xb300000b...
    Found contract: 0xb300000b...
    Found contract: 0xb300000b...
    Found contract: 0xb300000b...
    Found contract: 0xb300000b...
    Found contract: 0x00000047...
    Found contract: 0x10ed43c7...
    Found contract: 0x55d39832...
    Found contract: 0xb300000b...
    Found contract: 0xb300000b...
    Found contract: 0x6aba0315...
    Found contract: 0xb300000b...
    Found contract: 0xb300000b...
    Found contract: 0x0e09fabb...
    Found contract: 0xb300000b...
    Found contract: 0xdef96579...
    Found contract: 0xb300000b...
    Found contract: 0x55d39832...
    Found contract: 0xd615eb3e...
    Found contract: 0xb300000b...
    Found contract: 0x1b81d678...
    Found contract: 0x1b81d678...
    Found contract: 0xb300000b...
    Found contract: 0xb300000b...
    Found contract: 0xb300000b...
    Found contract: 0xaa18f5cc...
    Found contract: 0xb300000b...
    Found contract: 0xb300000b...
    Found contract: 0xb300000b...
    Found contract: 0xd36b6d64...
    Found contract: 0xb300000b...
    Found contract: 0xb300000b...
    Found contract: 0x55d39832...
    Found contract: 0xb300000b...
    Found contract: 0xb300000b...
    Found contract: 0x00000000...
    Found contract: 0xb300000b...
    Found contract: 0xb300000b...
    Found contract: 0x1b81d678...
    Found contract: 0x55d39832...
    Found contract: 0xb300000b...
    Found contract: 0xec65f537...
    Found contract: 0x00000000...
    Found contract: 0xb300000b...
    Found contract: 0xb300000b...
    Found contract: 0x1b81d678...
    Found contract: 0xb300000b...
    Found contract: 0x1b81d678...
    Found contract: 0x802b65b5...
    Found contract: 0xb300000b...
    Found contract: 0x00000000...
    Found contract: 0xb300000b...
    Found contract: 0x55d39832...
    Found contract: 0xb300000b...
    Found contract: 0x55d39832...
    Found contract: 0x55d39832...
    Found contract: 0x1b81d678...
    Found contract: 0xb300000b...
    Found contract: 0x55d39832...
    Found contract: 0x00000000...
    Found contract: 0x10ed43c7...
    Found contract: 0xb300000b...
    Found contract: 0x55d39832...
    Found contract: 0x5c952063...
    Found contract: 0x47ebcf27...
    Found contract: 0xb300000b...
    Found contract: 0xb300000b...
    Found contract: 0x55d39832...
    Found contract: 0x00000000...
    Found contract: 0xb300000b...
    Found contract: 0x55d39832...
    Found contract: 0x47ebcf27...
    Found contract: 0x55d39832...
    Found contract: 0xb300000b...
    Found contract: 0xc9015ab5...
    Found contract: 0x8838702a...
    Found contract: 0x00000000...
    Found contract: 0xb300000b...
    Found contract: 0x13f4ea83...
    Found contract: 0x10ed43c7...
    Found contract: 0xb300000b...
    Found contract: 0xbca03cc5...
    Found contract: 0x8db780f5...
    Found contract: 0xb300000b...
    Found contract: 0xb300000b...
    Found contract: 0xb300000b...
    Found contract: 0x1b81d678...
    Found contract: 0x10ed43c7...
    Found contract: 0x8d0d000e...
    Found contract: 0x55d39832...
    Found contract: 0x1b81d678...
    Found contract: 0xb300000b...
    Found contract: 0xc75aabd3...
    Found contract: 0x6aba0315...
    Found contract: 0x10ed43c7...
    Found contract: 0x6e84b322...
    Found contract: 0x8d0d000e...
    Found contract: 0xadb984fb...
    Found contract: 0x1b81d678...
    Found contract: 0xb300000b...
    Found contract: 0x55d39832...
    Found contract: 0x90cbe4bd...
    Found contract: 0x00000047...
    Found contract: 0x194b302a...
    Found contract: 0x1b81d678...
    Found contract: 0xb300000b...
    Found contract: 0x3d7ab4d0...
    Found contract: 0xb300000b...
    Found contract: 0xb300000b...
    Found contract: 0x1b81d678...
    Found contract: 0x55d39832...
    Found contract: 0x00000047...
    Found contract: 0x10ed43c7...
    Found contract: 0xb300000b...
    Found contract: 0x55d39832...
    Found contract: 0x55d39832...
    Found contract: 0xb300000b...
    Found contract: 0xe36b6606...
    Found contract: 0x55d39832...
    Found contract: 0x4bb93402...
    Found contract: 0x3d7ab4d0...
    Found contract: 0xb300000b...
    Found contract: 0x55d39832...
    Found contract: 0x1b81d678...
    Found contract: 0x7e52a123...
    Found contract: 0x55d39832...
    Found contract: 0x55d39832...
    Found contract: 0xb300000b...
    Found contract: 0x4bb93402...
    Found contract: 0x00000047...
    Found contract: 0xb300000b...
    Found contract: 0xb300000b...
    Found contract: 0xda77c035...
    Found contract: 0x55d39832...
    Found contract: 0xfb5b838b...
    Found contract: 0xb300000b...
    Found contract: 0x55d39832...
    Found contract: 0x998cd057...
    Found contract: 0xb300000b...
    Found contract: 0xb300000b...
    Found contract: 0x75bdc1be...
  Found 18 contracts in block 55442444
    Found contract: 0xb300000b...
  Found 17 contracts in block 55442445
    Found contract: 0x5a5c78ab...
    Found contract: 0x40f90625...
  Found 21 contracts in block 55442449
    Found contract: 0xb300000b...
    Found contract: 0xb300000b...
    Found contract: 0x55d39832...
    Found contract: 0x6602d751...
  Found 15 contracts in block 55442440
  Found 19 contracts in block 55442448
    Found contract: 0xb300000b...
  Found 18 contracts in block 55442442
    Found contract: 0x194b302a...
  Found 19 contracts in block 55442447
    Found contract: 0xb300000b...
  Found 12 contracts in block 55442443
    Found contract: 0xfafb7581...
  Found 12 contracts in block 55442446
    Found contract: 0xb300000b...
    Found contract: 0xb300000b...
    Found contract: 0xba53da03...
    Found contract: 0xb300000b...
    Found contract: 0x6134e2c5...
    Found contract: 0x46a15b0b...
    Found contract: 0xd9c500df...
    Found contract: 0x1a1ec25d...
    Found contract: 0x05ff2b0d...
    Found contract: 0x1b81d678...
    Found contract: 0xb300000b...
    Found contract: 0x9999b0cd...
    Found contract: 0xfd7ac7e9...
    Found contract: 0x13f4ea83...
    Found contract: 0x29867b24...
    Found contract: 0xba53da03...
    Found contract: 0xd9c500df...
    Found contract: 0x6f3f9630...
    Found contract: 0xd9c500df...
    Found contract: 0xaaa39853...
    Found contract: 0xb300000b...
    Found contract: 0x13f4ea83...
    Found contract: 0x802b65b5...
    Found contract: 0x1b81d678...
    Found contract: 0xd9c500df...
    Found contract: 0xd9c500df...
    Found contract: 0xd9c500df...
    Found contract: 0xd9c500df...
    Found contract: 0x802b65b5...
    Found contract: 0xb300000b...
    Found contract: 0x46a15b0b...
    Found contract: 0x1b81d678...
    Found contract: 0xd9c500df...
    Found contract: 0xd9c500df...
    Found contract: 0xd9c500df...
    Found contract: 0xd9c500df...
    Found contract: 0xb300000b...
    Found contract: 0xf5086053...
    Found contract: 0x29867b24...
    Found contract: 0xd9c500df...
    Found contract: 0xc05cef6d...
    Found contract: 0xb300000b...
    Found contract: 0xb300000b...
    Found contract: 0xd9c500df...
    Found contract: 0x802b65b5...
    Found contract: 0x802b65b5...
    Found contract: 0x1a0a18ac...
    Found contract: 0x6134e2c5...
    Found contract: 0xb300000b...
    Found contract: 0xd9c500df...
    Found contract: 0x10ed43c7...
    Found contract: 0xb300000b...
    Found contract: 0xd9c500df...
    Found contract: 0xd9c500df...
    Found contract: 0xb300000b...
    Found contract: 0x13f4ea83...
    Found contract: 0x802b65b5...
    Found contract: 0xd9c500df...
    Found contract: 0xb300000b...
    Found contract: 0xba53da03...
    Found contract: 0xd9c500df...
    Found contract: 0x55d39832...
    Found contract: 0xaaa39853...
    Found contract: 0x6aba0315...
    Found contract: 0x13f4ea83...
    Found contract: 0xb300000b...
    Found contract: 0xd9c500df...
    Found contract: 0x802b65b5...
    Found contract: 0xff2f8a36...
    Found contract: 0x6aba0315...
    Found contract: 0x13f4ea83...
    Found contract: 0xb300000b...
    Found contract: 0x55d39832...
    Found contract: 0xb1f23a3f...
    Found contract: 0x9b9efa5e...
    Found contract: 0xd9c500df...
    Found contract: 0x6aba0315...
    Found contract: 0xfee9966e...
    Found contract: 0xd9c500df...
    Found contract: 0x13f4ea83...
    Found contract: 0x5c952063...
    Found contract: 0xb300000b...
    Found contract: 0x55d39832...
    Found contract: 0x1b81d678...
    Found contract: 0x10ed43c7...
    Found contract: 0xfee9966e...
    Found contract: 0x55d39832...
    Found contract: 0x1b81d678...
    Found contract: 0x55d39832...
    Found contract: 0xb300000b...
    Found contract: 0x1b81d678...
    Found contract: 0x4bb93402...
    Found contract: 0x802b65b5...
    Found contract: 0xd9c500df...
    Found contract: 0xfee9966e...
    Found contract: 0x9999b0cd...
    Found contract: 0x55d39832...
    Found contract: 0xb300000b...
    Found contract: 0x0fa0f96f...
    Found contract: 0x1b81d678...
    Found contract: 0x4bb93402...
    Found contract: 0xd9c500df...
    Found contract: 0xfee9966e...
    Found contract: 0x6b3affc8...
    Found contract: 0x55d39832...
    Found contract: 0xb300000b...
    Found contract: 0x55d39832...
    Found contract: 0x47ebcf27...
    Found contract: 0x8ab7779c...
    Found contract: 0xfee9966e...
    Found contract: 0x0e2127f2...
    Found contract: 0x5fa78db9...
    Found contract: 0x55d39832...
    Found contract: 0xb300000b...
    Found contract: 0x829ee522...
    Found contract: 0x9b9efa5e...
    Found contract: 0xb300000b...
    Found contract: 0x6aba0315...
    Found contract: 0x6134e2c5...
    Found contract: 0x10ed43c7...
    Found contract: 0xaa18f5cc...
    Found contract: 0x60ffd33c...
    Found contract: 0xb300000b...
    Found contract: 0xb300000b...
    Found contract: 0x6aba0315...
    Found contract: 0xb300000b...
    Found contract: 0x6521aa52...
    Found contract: 0x1b81d678...
    Found contract: 0x13f4ea83...
    Found contract: 0x802b65b5...
    Found contract: 0x802b65b5...
    Found contract: 0xb300000b...
    Found contract: 0xb300000b...
    Found contract: 0x6aba0315...
    Found contract: 0xb300000b...
    Found contract: 0x1b81d678...
    Found contract: 0x1b81d678...
    Found contract: 0x665f178d...
    Found contract: 0xb300000b...
    Found contract: 0x0fa0f96f...
    Found contract: 0xb300000b...
    Found contract: 0x59b53dd6...
    Found contract: 0x1b81d678...
    Found contract: 0x1b81d678...
    Found contract: 0xe97e1d3a...
    Found contract: 0x55d39832...
    Found contract: 0x802b65b5...
    Found contract: 0x55d39832...
    Found contract: 0xb300000b...
    Found contract: 0xb300000b...
    Found contract: 0xda77c035...
    Found contract: 0x1b81d678...
    Found contract: 0x350e52bb...
    Found contract: 0x1b81d678...
    Found contract: 0x47ebcf27...
    Found contract: 0x55d39832...
    Found contract: 0x55d39832...
    Found contract: 0xb300000b...
    Found contract: 0xb300000b...
    Found contract: 0xe6b4fc50...
    Found contract: 0x00000047...
    Found contract: 0x9b9efa5e...
    Found contract: 0xb300000b...
    Found contract: 0x55d39832...
    Found contract: 0x55d39832...
    Found contract: 0x55d39832...
    Found contract: 0xb300000b...
    Found contract: 0xb300000b...
    Found contract: 0xe6b4fc50...
    Found contract: 0xb300000b...
    Found contract: 0x5ff137d4...
    Found contract: 0x2895774d...
    Found contract: 0x55d39832...
    Found contract: 0xb300000b...
    Found contract: 0xb300000b...
    Found contract: 0xe6b4fc50...
    Found contract: 0xc14ede79...
    Found contract: 0xb300000b...
    Found contract: 0xb300000b...
    Found contract: 0xe78821cc...
    Found contract: 0xb994882a...
    Found contract: 0x802b65b5...
    Found contract: 0xb300000b...
    Found contract: 0x55d39832...
    Found contract: 0xb300000b...
    Found contract: 0xb300000b...
    Found contract: 0xb300000b...
    Found contract: 0x9b9efa5e...
    Found contract: 0x31cb897e...
    Found contract: 0x1b81d678...
    Found contract: 0xb300000b...
    Found contract: 0xb300000b...
    Found contract: 0x00000047...
    Found contract: 0xfbf01979...
    Found contract: 0xb300000b...
    Found contract: 0xb300000b...
    Found contract: 0x6aba0315...
    Found contract: 0x9999b0cd...
    Found contract: 0x55d39832...
    Found contract: 0xb300000b...
    Found contract: 0xb300000b...
    Found contract: 0x55d39832...
    Found contract: 0xb0ce3363...
    Found contract: 0xb300000b...
    Found contract: 0xb300000b...
    Found contract: 0xb300000b...
    Found contract: 0x1b81d678...
    Found contract: 0x802b65b5...
    Found contract: 0x1b81d678...
    Found contract: 0xb300000b...
    Found contract: 0xb300000b...
    Found contract: 0x3d7ab4d0...
    Found contract: 0xb300000b...
    Found contract: 0xb300000b...
    Found contract: 0xb300000b...
    Found contract: 0x47ebcf27...
    Found contract: 0x6aba0315...
    Found contract: 0xb300000b...
    Found contract: 0xb300000b...
    Found contract: 0x3d7ab4d0...
    Found contract: 0x40f90625...
    Found contract: 0xb300000b...
    Found contract: 0xb300000b...
    Found contract: 0xb300000b...
    Found contract: 0x1b81d678...
    Found contract: 0x802b65b5...
    Found contract: 0x9b9efa5e...
    Found contract: 0xb300000b...
    Found contract: 0xb300000b...
    Found contract: 0x0b0b18ef...
  Found 16 contracts in block 55442450
    Found contract: 0x00000047...
    Found contract: 0xb300000b...
    Found contract: 0xb300000b...
    Found contract: 0xb300000b...
    Found contract: 0x9b9efa5e...
    Found contract: 0x1b81d678...
    Found contract: 0xb300000b...
    Found contract: 0xb300000b...
    Found contract: 0x9e88995d...
    Found contract: 0xb300000b...
    Found contract: 0xb300000b...
    Found contract: 0xb300000b...
    Found contract: 0xb300000b...
    Found contract: 0x0fa0f96f...
    Found contract: 0x1b81d678...
    Found contract: 0xb300000b...
    Found contract: 0x43ef5494...
    Found contract: 0xb300000b...
    Found contract: 0x46a15b0b...
    Found contract: 0xb300000b...
    Found contract: 0x1b81d678...
    Found contract: 0x6aba0315...
    Found contract: 0xb300000b...
    Found contract: 0x1b81d678...
    Found contract: 0xb300000b...
    Found contract: 0xb300000b...
    Found contract: 0xb300000b...
    Found contract: 0xb300000b...
    Found contract: 0xb300000b...
    Found contract: 0x55d39832...
    Found contract: 0x6aba0315...
    Found contract: 0x061f8446...
    Found contract: 0xb300000b...
    Found contract: 0x57baeebe...
    Found contract: 0xb300000b...
    Found contract: 0xb300000b...
    Found contract: 0x00000000...
    Found contract: 0xb300000b...
    Found contract: 0xb300000b...
    Found contract: 0x6aba0315...
    Found contract: 0x802b65b5...
    Found contract: 0xb300000b...
    Found contract: 0x1b81d678...Error: contract 0xc7769eb29c288a67333df87f12b6e50dcafe5552 does not have any code
Error: server returned an error response: error code -32000: execution reverted
Error: server returned an error response: error code -32000: execution reverted
Error: server returned an error response: error code -32000: execution reverted
Error: server returned an error response: error code -32000: execution reverted
Error: server returned an error response: error code -32000: execution reverted
Error: server returned an error response: error code -32000: execution reverted
Error: server returned an error response: error code -32000: execution reverted
Error: contract 0x5545153ccfca01fbd7dd11c0b23ba694d9509a6f does not have any code
Error: contract 0x0000000000000000000000000000000000000000 does not have any code
Error: contract 0x0000000000000000000000000000000000000000 does not have any code
Error: contract 0x0000000000000000000000000000000000000000 does not have any code
Error: contract 0x0000000000000000000000000000000000000000 does not have any code
Error: contract 0x0000000000000000000000000000000000000000 does not have any code
Error: contract 0x0000000000000000000000000000000000000000 does not have any code
Error: contract 0x0000000000000000000000000000000000000000 does not have any code
Error: contract 0x0000000000000000000000000000000000000000 does not have any code
Error: contract 0x0000000000000000000000000000000000000000 does not have any code
Error: contract 0x0000000000000000000000000000000000000000 does not have any code
Error: contract 0x0000000000000000000000000000000000000000 does not have any code
Error: contract 0x0000000000000000000000000000000000000000 does not have any code
Error: contract 0x0000000000000000000000000000000000000000 does not have any code
Error: contract 0x0000000000000000000000000000000000000000 does not have any code
Error: contract 0x0000000000000000000000000000000000000000 does not have any code
Error: contract 0x0000000000000000000000000000000000000000 does not have any code
Error: contract 0x0000000000000000000000000000000000000000 does not have any code
Error: contract 0x0000000000000000000000000000000000000000 does not have any code
Error: contract 0x0000000000000000000000000000000000000000 does not have any code
Error: contract 0x0000000000000000000000000000000000000000 does not have any code
Error: contract 0x0000000000000000000000000000000000000000 does not have any code
Error: contract 0x0000000000000000000000000000000000000000 does not have any code
Error: contract 0x0000000000000000000000000000000000000000 does not have any code
Error: contract 0x0000000000000000000000000000000000000000 does not have any code
Error: contract 0x0000000000000000000000000000000000000000 does not have any code
Error: contract 0x0000000000000000000000000000000000000000 does not have any code
Error: contract 0x0000000000000000000000000000000000000000 does not have any code
Error: contract 0x0000000000000000000000000000000000000000 does not have any code
Error: contract 0x0000000000000000000000000000000000000000 does not have any code
Error: contract 0x0000000000000000000000000000000000000000 does not have any code
Error: contract 0x0000000000000000000000000000000000000000 does not have any code
Error: contract 0x0000000000000000000000000000000000000001 does not have any code
Error: contract 0x0000000000000000000000000000000000000000 does not have any code
Error: contract 0x0000000000000000000000000000000000000000 does not have any code
Error: contract 0x0000000000000000000000000000000000000000 does not have any code
Error: contract 0x0000000000000000000000000000000000000000 does not have any code
Error: contract 0x0000000000000000000000000000000000000000 does not have any code
Error: contract 0x0000000000000000000000000000000000000000 does not have any code
Error: contract 0x0000000000000000000000000000000000000000 does not have any code
Error: contract 0x0000000000000000000000000000000000000000 does not have any code
Error: contract 0x0000000000000000000000000000000000000000 does not have any code
Error: contract 0x0000000000000000000000000000000000000000 does not have any code
Error: contract 0x0000000000000000000000000000000000000000 does not have any code
Error: contract 0x0000000000000000000000000000000000000000 does not have any code
Error: contract 0x0000000000000000000000000000000000000000 does not have any code
Error: contract 0x0000000000000000000000000000000000000000 does not have any code
Error: contract 0x0000000000000000000000000000000000000000 does not have any code
Error: contract 0x0000000000000000000000000000000000000000 does not have any code
Error: contract 0x0000000000000000000000000000000000000000 does not have any code
Error: contract 0x0000000000000000000000000000000000000000 does not have any code
Error: contract 0x0000000000000000000000000000000000000000 does not have any code
Error: server returned an error response: error code -32000: execution reverted
Error: contract 0x0000000000000000000000000000000000000001 does not have any code
Error: contract 0x0000000000000000000000000000000000000000 does not have any code
Error: contract 0x0000000000000000000000000000000000000000 does not have any code
Error: contract 0x0000000000000000000000000000000000000000 does not have any code
Error: contract 0x0000000000000000000000000000000000000000 does not have any code
Error: contract 0x0000000000000000000000000000000000000000 does not have any code
Error: contract 0x0000000000000000000000000000000000000000 does not have any code
Error: contract 0x0000000000000000000000000000000000000000 does not have any code
Error: contract 0x0000000000000000000000000000000000000000 does not have any code
Error: contract 0x0000000000000000000000000000000000000000 does not have any code
Error: contract 0x0000000000000000000000000000000000000000 does not have any code
Error: contract 0x0000000000000000000000000000000000000000 does not have any code
Error: contract 0x0000000000000000000000000000000000000000 does not have any code
Error: contract 0x0000000000000000000000000000000000000000 does not have any code
Error: contract 0x0000000000000000000000000000000000000000 does not have any code
Error: contract 0x0000000000000000000000000000000000000000 does not have any code
Error: contract 0x0000000000000000000000000000000000000000 does not have any code
Error: contract 0x0000000000000000000000000000000000000000 does not have any code
Error: contract 0x0000000000000000000000000000000000000000 does not have any code
Error: contract 0x4378746db89e265fb19ea38e40a9bfda8af11c87 does not have any code
Error: contract 0x1c8d041a7d01a703abcfb3cb5677aa7a1efaef9b does not have any code
Error: contract 0x0000000000000000000000000000000000000000 does not have any code
Error: contract 0x0000000000000000000000000000000000000000 does not have any code
Error: contract 0x0000000000000000000000000000000000000000 does not have any code
Error: contract 0x0000000000000000000000000000000000000000 does not have any code
Error: contract 0x0000000000000000000000000000000000000000 does not have any code
Error: contract 0x0000000000000000000000000000000000000000 does not have any code
Error: contract 0x0000000000000000000000000000000000000000 does not have any code
Error: contract 0x0000000000000000000000000000000000000000 does not have any code
Error: contract 0x0000000000000000000000000000000000000000 does not have any code
Error: contract 0x0000000000000000000000000000000000000000 does not have any code
Error: contract 0x0000000000000000000000000000000000000000 does not have any code
Error: contract 0x0000000000000000000000000000000000000000 does not have any code
Error: contract 0x0000000000000000000000000000000000000000 does not have any code
Error: contract 0x0000000000000000000000000000000000000000 does not have any code
Error: contract 0x0000000000000000000000000000000000000000 does not have any code
Error: contract 0x0000000000000000000000000000000000000000 does not have any code
Error: contract 0x0000000000000000000000000000000000000000 does not have any code
Error: contract 0x0000000000000000000000000000000000000000 does not have any code
Error: contract 0xf68a4b64162906eff0ff6ae34e2bb1cd42fef62d does not have any code
Error: contract 0x0000000000000000000000000000000000000000 does not have any code
Error: contract 0x0000000000000000000000000000000000000000 does not have any code
Error: contract 0x000000000000000015ec6a4d76613542cb58b09a does not have any code
Error: contract 0x0000000000000000000000000000000000000012 does not have any code
Error: contract 0x0000000000000000000000000000000000000000 does not have any code
Error: contract 0x0000000000000000000000000000000000000000 does not have any code
Error: contract 0x0000000000000000000000000000000000000000 does not have any code
Error: contract 0x0000000000000000000000000000000000000000 does not have any code
Error: contract 0x0000000000000000000000000000000000000000 does not have any code
Error: contract 0x0000000000000000000000000000000000000000 does not have any code
Error: contract 0x0000000000000000000000000000000000000000 does not have any code
Error: contract 0x0000000000000000000000000000000000000000 does not have any code
Error: contract 0x0000000000000000000000000000000000000000 does not have any code
Error: contract 0x0000000000000000000000000000000000000000 does not have any code
Error: contract 0x0000000000000000000000000000000000000000 does not have any code
Error: contract 0x0000000000000000000000000000000000000000 does not have any code
Error: contract 0x0000000000000000000000000000000000000000 does not have any code
Error: server returned an error response: error code -32000: execution reverted
Error: contract 0x0000000000000000000000000000000000000000 does not have any code
Error: contract 0x0000000000000000000000000000000000000001 does not have any code
Error: contract 0x000000000000000000000000000000000000001e does not have any code
Error: contract 0x0000000000000000000000000000000000000014 does not have any code
Error: server returned an error response: error code -32000: execution reverted
Error: contract 0x01c54379c4323844273a7ce865fbd94d77f78849 does not have any code
Error: contract 0x0000000000000000000000000000000000000000 does not have any code
Error: contract 0x0000000000000000000000000000000000000000 does not have any code
Error: contract 0x0000000000000000000000000000000000000000 does not have any code
Error: contract 0x0000000000000000000000000000000000000000 does not have any code
Error: contract 0x0000000000000000000000000000000000000000 does not have any code
Error: contract 0x0000000000000000000000000000000000000000 does not have any code
Error: contract 0x0000000000000000000000000000000000000000 does not have any code
Error: contract 0x0000000000000000000000000000000000000000 does not have any code
Error: contract 0x0000000000000000000000000000000000000000 does not have any code
Error: contract 0x0000000000000000000000000000000000000000 does not have any code
Error: contract 0x0000000000000000000000000000000000000000 does not have any code
Error: contract 0x0000000000000000000000000000000000000000 does not have any code
Error: contract 0x0000000000000000000000000000000000000001 does not have any code
Error: contract 0xd02ee811535b844f50d69b76103debcf60b85318 does not have any code
Error: contract 0xd02ee811535b844f50d69b76103debcf60b85318 does not have any code
Error: could not decode output; did you specify the wrong function return data type?

Context:
- ABI decoding failed: buffer overrun while deserializing
Error: contract 0x00000000000000000000000000005af3107a4000 does not have any code
Error: server returned an error response: error code -32000: execution reverted
Error: contract 0x0000000000000000000000000000000000000000 does not have any code
Error: contract 0x0000000000000000000000000000000000000000 does not have any code
Error: contract 0x0000000000000000000000000000000000000000 does not have any code
Error: contract 0x0000000000000000000000000000000000000000 does not have any code
Error: contract 0x0000000000000000000000000000000000000000 does not have any code
Error: contract 0x0000000000000000000000000000000000000000 does not have any code
Error: contract 0x0000000000000000000000000000000000000000 does not have any code
Error: contract 0x0000000000000000000000000000000000000000 does not have any code
Error: contract 0x0000000000000000000000000000000000000000 does not have any code
Error: contract 0x0000000000000000000000000000000000000000 does not have any code
Error: contract 0x0000000000000000000000000000000000000000 does not have any code
Error: contract 0x0000000000000000000000000000000000000000 does not have any code
Error: contract 0xddd6738c3483559ac5abbc9ad194d3f51623b8e5 does not have any code
Error: contract 0x0000000000000000000000000000000000000000 does not have any code
Error: contract 0x0000000000000000000000000000000000000000 does not have any code
Error: server returned an error response: error code -32000: execution reverted
Error: contract 0x0000000000000000000000000000000000000000 does not have any code
Error: contract 0x0000000000000000000000000000000000000000 does not have any code
Error: contract 0x0000000000000000000000000000000000000000 does not have any code
Error: contract 0x0000000000000000000000000000000000000000 does not have any code
Error: contract 0x0000000000000000000000000000000000000000 does not have any code
Error: contract 0x0000000000000000000000000000000000000000 does not have any code
Error: contract 0x0000000000000000000000000000000000000000 does not have any code
Error: contract 0x0000000000000000000000000000000000000000 does not have any code
Error: contract 0x0000000000000000000000000000000000000000 does not have any code
Error: contract 0x0000000000000000000000000000000000000000 does not have any code
Error: contract 0x0000000000000000000000000000000000000000 does not have any code
Error: contract 0x0000000000000000000000000000000000000000 does not have any code
Error: contract 0x0000000000000000000000000000000000000000 does not have any code
Error: contract 0x0000000000000000000000000000000000000000 does not have any code
Error: contract 0x0000000000000000000000000000000000000000 does not have any code
Error: contract 0x0000000000000000000000000000000000000000 does not have any code
Error: contract 0x0000000000000000000000000000000000000000 does not have any code
Error: contract 0x0000000000000000000000000000000000000000 does not have any code
Error: contract 0x0000000000000000000000000000000000000000 does not have any code
Error: contract 0x0000000000000000000000000000000000000000 does not have any code
Error: contract 0x0000000000000000000000000000000000000000 does not have any code
Error: contract 0x0000000000000000000000000000000000000000 does not have any code
Error: contract 0x0000000000000000000000000000000000000000 does not have any code
Error: contract 0x0000000000000000000000000000000000000000 does not have any code
Error: contract 0x0000000000000000000000000000000000000000 does not have any code
Error: contract 0x0000000000000000000000000000000000000000 does not have any code
Error: contract 0x0000000000000000000000000000000000000000 does not have any code
Error: contract 0x0000000000000000000000000000000000000000 does not have any code
Error: contract 0x0000000000000000000000000000000000000000 does not have any code
Error: contract 0x0000000000000000000000000000000000000000 does not have any code
Error: contract 0x0000000000000000000000000000000000000000 does not have any code
Error: contract 0x0000000000000000000000000000000000000000 does not have any code
Error: contract 0x0000000000000000000000000000000000000000 does not have any code
Error: contract 0x0000000000000000000000000000000000000000 does not have any code
Error: contract 0x0000000000000000000000000000000000000000 does not have any code
Error: contract 0x0000000000000000000000000000000000000000 does not have any code
Error: server returned an error response: error code -32000: execution reverted
