[34mDEBUG[0m Seed: 1667840158231589000
[34mDEBUG[0m resolving host="bsc-dataseed.binance.org"
[34mDEBUG[0m connecting to 52.223.34.155:443
[34mDEBUG[0m connected to 52.223.34.155:443
[34mDEBUG[0m flushed 208 bytes
[34mDEBUG[0m parsed 16 headers
[34mDEBUG[0m incoming body is chunked encoding
[34mDEBUG[0m incoming chunked header: 0x2583 (9603 bytes)
[34mDEBUG[0m incoming body completed
[34mDEBUG[0m pooling idle connection for ("https", bsc-dataseed.binance.org)
[32m INFO[0m fetching abi from https://api.etherscan.io/v2/api?chainid=56&module=contract&action=getabi&address=0xac4c6e212a361c968f1725b4d055b47e63f80b75&format=json&apikey=SCVG9V74WV6VBZN583QZ9D3AW9VF45IMZP
[34mDEBUG[0m resolving host="api.etherscan.io"
[34mDEBUG[0m connecting to 23.111.175.138:443
[34mDEBUG[0m connected to 23.111.175.138:443
[34mDEBUG[0m flushed 847 bytes
[34mDEBUG[0m parsed 12 headers
[34mDEBUG[0m incoming body is content-length (2423 bytes)
[34mDEBUG[0m incoming body completed
[34mDEBUG[0m pooling idle connection for ("https", api.etherscan.io)
[32m INFO[0m fetching code from ac4c6e212a361c968f1725b4d055b47e63f80b75
[34mDEBUG[0m resolving host="bsc-dataseed.binance.org"
[34mDEBUG[0m connecting to 35.71.137.105:443
[34mDEBUG[0m connected to 35.71.137.105:443
[34mDEBUG[0m flushed 239 bytes
[34mDEBUG[0m parsed 16 headers
[34mDEBUG[0m incoming body is content-length (79 bytes)
[34mDEBUG[0m incoming body completed
[34mDEBUG[0m pooling idle connection for ("https", bsc-dataseed.binance.org)
Contract loaded: 0xac4c6e212a361c968f1725b4d055b47e63f80b75
[32m INFO[0m fetching abi from https://api.etherscan.io/v2/api?chainid=56&module=contract&action=getabi&address=0xe9e7cea3dedca5984780bafc599bd69add087d56&format=json&apikey=SCVG9V74WV6VBZN583QZ9D3AW9VF45IMZP
[32m INFO[0m fetching code from e9e7cea3dedca5984780bafc599bd69add087d56
[34mDEBUG[0m resolving host="bsc-dataseed.binance.org"
[34mDEBUG[0m connecting to 35.71.137.105:443
[34mDEBUG[0m connected to 35.71.137.105:443
[34mDEBUG[0m flushed 239 bytes
[34mDEBUG[0m parsed 16 headers
[34mDEBUG[0m incoming body is content-length (79 bytes)
[34mDEBUG[0m incoming body completed
[34mDEBUG[0m pooling idle connection for ("https", bsc-dataseed.binance.org)
Contract loaded: 0xe9e7cea3dedca5984780bafc599bd69add087d56
[32m INFO[0m fetching abi from https://api.etherscan.io/v2/api?chainid=56&module=contract&action=getabi&address=0x25d17b317f48d57a18a67a1edd72656fa75b5fce&format=json&apikey=SCVG9V74WV6VBZN583QZ9D3AW9VF45IMZP
[32m INFO[0m fetching code from 25d17b317f48d57a18a67a1edd72656fa75b5fce
[34mDEBUG[0m resolving host="bsc-dataseed.binance.org"
[34mDEBUG[0m connecting to 35.71.137.105:443
[34mDEBUG[0m connected to 35.71.137.105:443
[34mDEBUG[0m flushed 239 bytes
[34mDEBUG[0m parsed 16 headers
[34mDEBUG[0m incoming body is content-length (79 bytes)
[34mDEBUG[0m incoming body completed
[34mDEBUG[0m pooling idle connection for ("https", bsc-dataseed.binance.org)
Contract loaded: 0x25d17b317f48d57a18a67a1edd72656fa75b5fce
[32m INFO[0m fetching abi from https://api.etherscan.io/v2/api?chainid=56&module=contract&action=getabi&address=0x29a63f4b209c29b4dc47f06ffa896f32667dad2c&format=json&apikey=SCVG9V74WV6VBZN583QZ9D3AW9VF45IMZP
[32m INFO[0m fetching code from 29a63f4b209c29b4dc47f06ffa896f32667dad2c
[34mDEBUG[0m resolving host="bsc-dataseed.binance.org"
[34mDEBUG[0m connecting to 52.223.34.155:443
[34mDEBUG[0m connected to 52.223.34.155:443
[34mDEBUG[0m flushed 239 bytes
[34mDEBUG[0m parsed 16 headers
[34mDEBUG[0m incoming body is content-length (79 bytes)
[34mDEBUG[0m incoming body completed
[34mDEBUG[0m pooling idle connection for ("https", bsc-dataseed.binance.org)
Contract loaded: 0x29a63f4b209c29b4dc47f06ffa896f32667dad2c
[32m INFO[0m fetching abi from https://api.etherscan.io/v2/api?chainid=56&module=contract&action=getabi&address=0x2c85728f3365383d4168aa2434f947e5e510499f&format=json&apikey=SCVG9V74WV6VBZN583QZ9D3AW9VF45IMZP
[34mDEBUG[0m reuse idle connection for ("https", api.etherscan.io)
[34mDEBUG[0m flushed 847 bytes
[34mDEBUG[0m parsed 12 headers
[34mDEBUG[0m incoming body is content-length (6109 bytes)
[34mDEBUG[0m incoming body completed
[34mDEBUG[0m pooling idle connection for ("https", api.etherscan.io)
[32m INFO[0m fetching code from 2c85728f3365383d4168aa2434f947e5e510499f
[34mDEBUG[0m resolving host="bsc-dataseed.binance.org"
[34mDEBUG[0m connecting to 52.223.34.155:443
[34mDEBUG[0m connected to 52.223.34.155:443
[34mDEBUG[0m flushed 239 bytes
[34mDEBUG[0m parsed 16 headers
[34mDEBUG[0m incoming body is content-length (79 bytes)
[34mDEBUG[0m incoming body completed
[34mDEBUG[0m pooling idle connection for ("https", bsc-dataseed.binance.org)
Contract loaded: 0x2c85728f3365383d4168aa2434f947e5e510499f
[32m INFO[0m fetching abi from https://api.etherscan.io/v2/api?chainid=56&module=contract&action=getabi&address=0x1af3f329e8be154074d8769d1ffa4ee058b1dbc3&format=json&apikey=SCVG9V74WV6VBZN583QZ9D3AW9VF45IMZP
[32m INFO[0m fetching code from 1af3f329e8be154074d8769d1ffa4ee058b1dbc3
[34mDEBUG[0m resolving host="bsc-dataseed.binance.org"
[34mDEBUG[0m connecting to 52.223.34.155:443
[34mDEBUG[0m connected to 52.223.34.155:443
[34mDEBUG[0m flushed 239 bytes
[34mDEBUG[0m parsed 16 headers
[34mDEBUG[0m incoming body is content-length (79 bytes)
[34mDEBUG[0m incoming body completed
[34mDEBUG[0m pooling idle connection for ("https", bsc-dataseed.binance.org)
Contract loaded: 0x1af3f329e8be154074d8769d1ffa4ee058b1dbc3
[32m INFO[0m fetching abi from https://api.etherscan.io/v2/api?chainid=56&module=contract&action=getabi&address=0x8ac76a51cc950d9822d68b83fe1ad97b32cd580d&format=json&apikey=SCVG9V74WV6VBZN583QZ9D3AW9VF45IMZP
[32m INFO[0m fetching code from 8ac76a51cc950d9822d68b83fe1ad97b32cd580d
[34mDEBUG[0m resolving host="bsc-dataseed.binance.org"
[34mDEBUG[0m connecting to 52.223.34.155:443
[34mDEBUG[0m connected to 52.223.34.155:443
[34mDEBUG[0m flushed 239 bytes
[34mDEBUG[0m parsed 16 headers
[34mDEBUG[0m incoming body is content-length (79 bytes)
[34mDEBUG[0m incoming body completed
[34mDEBUG[0m pooling idle connection for ("https", bsc-dataseed.binance.org)
Contract loaded: 0x8ac76a51cc950d9822d68b83fe1ad97b32cd580d
[32m INFO[0m fetching abi from https://api.etherscan.io/v2/api?chainid=56&module=contract&action=getabi&address=0x877520e9cc2e9bad169692fc4d1bac3adfa4bb86&format=json&apikey=SCVG9V74WV6VBZN583QZ9D3AW9VF45IMZP
[32m INFO[0m fetching code from 877520e9cc2e9bad169692fc4d1bac3adfa4bb86
[34mDEBUG[0m resolving host="bsc-dataseed.binance.org"
[34mDEBUG[0m connecting to 35.71.137.105:443
[34mDEBUG[0m connected to 35.71.137.105:443
[34mDEBUG[0m flushed 239 bytes
[34mDEBUG[0m parsed 16 headers
[34mDEBUG[0m incoming body is content-length (79 bytes)
[34mDEBUG[0m incoming body completed
[34mDEBUG[0m pooling idle connection for ("https", bsc-dataseed.binance.org)
thread 'main' panicked at src/evm/contract_utils.rs:238:85:
failed to parse abis file: Error("expected value", line: 1, column: 1)
note: run with `RUST_BACKTRACE=1` environment variable to display a backtrace
