[34mDEBUG[0m Seed: 1667840158231589000
[34mDEBUG[0m resolving host="bsc-dataseed.binance.org"
[34mDEBUG[0m connecting to 52.223.34.155:443
[34mDEBUG[0m connected to 52.223.34.155:443
[34mDEBUG[0m flushed 208 bytes
[34mDEBUG[0m parsed 16 headers
[34mDEBUG[0m incoming body is chunked encoding
[34mDEBUG[0m incoming chunked header: 0xE8E (3726 bytes)
[34mDEBUG[0m incoming chunked header: 0x1F0C (7948 bytes)
[34mDEBUG[0m incoming body completed
[34mDEBUG[0m pooling idle connection for ("https", bsc-dataseed.binance.org)
[32m INFO[0m fetching abi from https://api.etherscan.io/v2/api?chainid=56&module=contract&action=getabi&address=0x66ad618aa90538a054eb491b79d89be5bcb7b28c&format=json&apikey=SCVG9V74WV6VBZN583QZ9D3AW9VF45IMZP
[32m INFO[0m fetching code from 66ad618aa90538a054eb491b79d89be5bcb7b28c
[34mDEBUG[0m resolving host="bsc-dataseed.binance.org"
[34mDEBUG[0m connecting to 35.71.137.105:443
[34mDEBUG[0m connected to 35.71.137.105:443
[34mDEBUG[0m flushed 239 bytes
[34mDEBUG[0m parsed 16 headers
[34mDEBUG[0m incoming body is content-length (79 bytes)
[34mDEBUG[0m incoming body completed
[34mDEBUG[0m pooling idle connection for ("https", bsc-dataseed.binance.org)
[34mDEBUG[0m ABI not found for 0x66ad…b28c, we'll decompile
Contract loaded: 0x66ad618aa90538a054eb491b79d89be5bcb7b28c
[32m INFO[0m fetching abi from https://api.etherscan.io/v2/api?chainid=56&module=contract&action=getabi&address=0x8ac76a51cc950d9822d68b83fe1ad97b32cd580d&format=json&apikey=SCVG9V74WV6VBZN583QZ9D3AW9VF45IMZP
[32m INFO[0m fetching code from 8ac76a51cc950d9822d68b83fe1ad97b32cd580d
[34mDEBUG[0m resolving host="bsc-dataseed.binance.org"
[34mDEBUG[0m connecting to 35.71.137.105:443
[34mDEBUG[0m connected to 35.71.137.105:443
[34mDEBUG[0m flushed 239 bytes
[34mDEBUG[0m parsed 16 headers
[34mDEBUG[0m incoming body is content-length (79 bytes)
[34mDEBUG[0m incoming body completed
[34mDEBUG[0m pooling idle connection for ("https", bsc-dataseed.binance.org)
Contract loaded: 0x8ac76a51cc950d9822d68b83fe1ad97b32cd580d
[32m INFO[0m fetching abi from https://api.etherscan.io/v2/api?chainid=56&module=contract&action=getabi&address=0xe9e7cea3dedca5984780bafc599bd69add087d56&format=json&apikey=SCVG9V74WV6VBZN583QZ9D3AW9VF45IMZP
[32m INFO[0m fetching code from e9e7cea3dedca5984780bafc599bd69add087d56
[34mDEBUG[0m resolving host="bsc-dataseed.binance.org"
[34mDEBUG[0m connecting to 52.223.34.155:443
[34mDEBUG[0m connected to 52.223.34.155:443
[34mDEBUG[0m flushed 239 bytes
[34mDEBUG[0m parsed 16 headers
[34mDEBUG[0m incoming body is content-length (79 bytes)
[34mDEBUG[0m incoming body completed
[34mDEBUG[0m pooling idle connection for ("https", bsc-dataseed.binance.org)
Contract loaded: 0xe9e7cea3dedca5984780bafc599bd69add087d56
[32m INFO[0m fetching abi from https://api.etherscan.io/v2/api?chainid=56&module=contract&action=getabi&address=0xc6533dca7be6ae0e56eacd6fa6387604a8bd28c3&format=json&apikey=SCVG9V74WV6VBZN583QZ9D3AW9VF45IMZP
[34mDEBUG[0m resolving host="api.etherscan.io"
[34mDEBUG[0m connecting to 23.111.175.138:443
[34mDEBUG[0m connected to 23.111.175.138:443
[34mDEBUG[0m flushed 847 bytes
[34mDEBUG[0m parsed 12 headers
[34mDEBUG[0m incoming body is content-length (912 bytes)
[34mDEBUG[0m incoming body completed
[34mDEBUG[0m pooling idle connection for ("https", api.etherscan.io)
[32m INFO[0m fetching code from c6533dca7be6ae0e56eacd6fa6387604a8bd28c3
[34mDEBUG[0m resolving host="bsc-dataseed.binance.org"
[34mDEBUG[0m connecting to 35.71.137.105:443
[34mDEBUG[0m connected to 35.71.137.105:443
[34mDEBUG[0m flushed 239 bytes
[34mDEBUG[0m parsed 16 headers
[34mDEBUG[0m incoming body is content-length (79 bytes)
[34mDEBUG[0m incoming body completed
[34mDEBUG[0m pooling idle connection for ("https", bsc-dataseed.binance.org)
Contract loaded: 0xc6533dca7be6ae0e56eacd6fa6387604a8bd28c3
[32m INFO[0m fetching abi from https://api.etherscan.io/v2/api?chainid=56&module=contract&action=getabi&address=0x55d398326f99059ff775485246999027b3197955&format=json&apikey=SCVG9V74WV6VBZN583QZ9D3AW9VF45IMZP
[32m INFO[0m fetching code from 55d398326f99059ff775485246999027b3197955
[34mDEBUG[0m resolving host="bsc-dataseed.binance.org"
[34mDEBUG[0m connecting to 35.71.137.105:443
[34mDEBUG[0m connected to 35.71.137.105:443
[34mDEBUG[0m flushed 239 bytes
[34mDEBUG[0m parsed 16 headers
[34mDEBUG[0m incoming body is content-length (79 bytes)
[34mDEBUG[0m incoming body completed
[34mDEBUG[0m pooling idle connection for ("https", bsc-dataseed.binance.org)
thread 'main' panicked at src/evm/contract_utils.rs:238:85:
failed to parse abis file: Error("expected value", line: 1, column: 1)
note: run with `RUST_BACKTRACE=1` environment variable to display a backtrace
