[34mDEBUG[0m Seed: 1667840158231589000
[34mDEBUG[0m resolving host="bsc-dataseed.binance.org"
[34mDEBUG[0m connecting to 35.71.137.105:443
[34mDEBUG[0m connected to 35.71.137.105:443
[34mDEBUG[0m flushed 208 bytes
[34mDEBUG[0m parsed 16 headers
[34mDEBUG[0m incoming body is chunked encoding
[34mDEBUG[0m incoming chunked header: 0x2583 (9603 bytes)
[34mDEBUG[0m incoming body completed
[34mDEBUG[0m pooling idle connection for ("https", bsc-dataseed.binance.org)
[32m INFO[0m fetching abi from https://api.etherscan.io/v2/api?chainid=56&module=contract&action=getabi&address=0xbb4cdb9cbd36b01bd1cbaebf2de08d9173bc095c&format=json&apikey=SCVG9V74WV6VBZN583QZ9D3AW9VF45IMZP
[32m INFO[0m fetching code from bb4cdb9cbd36b01bd1cbaebf2de08d9173bc095c
[34mDEBUG[0m resolving host="bsc-dataseed.binance.org"
[34mDEBUG[0m connecting to 52.223.34.155:443
[34mDEBUG[0m connected to 52.223.34.155:443
[34mDEBUG[0m flushed 239 bytes
[34mDEBUG[0m parsed 16 headers
[34mDEBUG[0m incoming body is content-length (79 bytes)
[34mDEBUG[0m incoming body completed
[34mDEBUG[0m pooling idle connection for ("https", bsc-dataseed.binance.org)
[34mDEBUG[0m ABI not found for 0xbb4c…095c, we'll decompile
Contract loaded: 0xbb4cdb9cbd36b01bd1cbaebf2de08d9173bc095c
[32m INFO[0m fetching abi from https://api.etherscan.io/v2/api?chainid=56&module=contract&action=getabi&address=0xec65f537bcb76552e94abf4e4e8114ccc218a46c&format=json&apikey=SCVG9V74WV6VBZN583QZ9D3AW9VF45IMZP
[34mDEBUG[0m resolving host="api.etherscan.io"
[34mDEBUG[0m connecting to 217.79.240.58:443
[34mDEBUG[0m connected to 217.79.240.58:443
[34mDEBUG[0m flushed 847 bytes
[34mDEBUG[0m parsed 12 headers
[34mDEBUG[0m incoming body is content-length (14817 bytes)
[34mDEBUG[0m incoming body completed
[34mDEBUG[0m pooling idle connection for ("https", api.etherscan.io)
[32m INFO[0m fetching code from ec65f537bcb76552e94abf4e4e8114ccc218a46c
[34mDEBUG[0m resolving host="bsc-dataseed.binance.org"
[34mDEBUG[0m connecting to 52.223.34.155:443
[34mDEBUG[0m connected to 52.223.34.155:443
[34mDEBUG[0m flushed 239 bytes
[34mDEBUG[0m parsed 16 headers
[34mDEBUG[0m incoming body is content-length (79 bytes)
[34mDEBUG[0m incoming body completed
[34mDEBUG[0m pooling idle connection for ("https", bsc-dataseed.binance.org)
Contract loaded: 0xec65f537bcb76552e94abf4e4e8114ccc218a46c
[32m INFO[0m fetching abi from https://api.etherscan.io/v2/api?chainid=56&module=contract&action=getabi&address=0x2551fd59e10e2212119133fa3c3a0a8d0945cf92&format=json&apikey=SCVG9V74WV6VBZN583QZ9D3AW9VF45IMZP
[32m INFO[0m fetching code from 2551fd59e10e2212119133fa3c3a0a8d0945cf92
[34mDEBUG[0m resolving host="bsc-dataseed.binance.org"
[34mDEBUG[0m connecting to 52.223.34.155:443
[34mDEBUG[0m connected to 52.223.34.155:443
[34mDEBUG[0m flushed 239 bytes
[34mDEBUG[0m parsed 16 headers
[34mDEBUG[0m incoming body is content-length (79 bytes)
[34mDEBUG[0m incoming body completed
[34mDEBUG[0m pooling idle connection for ("https", bsc-dataseed.binance.org)
Contract loaded: 0x2551fd59e10e2212119133fa3c3a0a8d0945cf92
[32m INFO[0m fetching abi from https://api.etherscan.io/v2/api?chainid=56&module=contract&action=getabi&address=0x46a15b0b27311cedf172ab29e4f4766fbe7f4364&format=json&apikey=SCVG9V74WV6VBZN583QZ9D3AW9VF45IMZP
[32m INFO[0m fetching code from 46a15b0b27311cedf172ab29e4f4766fbe7f4364
[34mDEBUG[0m resolving host="bsc-dataseed.binance.org"
[34mDEBUG[0m connecting to 35.71.137.105:443
[34mDEBUG[0m connected to 35.71.137.105:443
[34mDEBUG[0m flushed 239 bytes
[34mDEBUG[0m parsed 16 headers
[34mDEBUG[0m incoming body is content-length (79 bytes)
[34mDEBUG[0m incoming body completed
[34mDEBUG[0m pooling idle connection for ("https", bsc-dataseed.binance.org)
Contract loaded: 0x46a15b0b27311cedf172ab29e4f4766fbe7f4364
[32m INFO[0m fetching abi from https://api.etherscan.io/v2/api?chainid=56&module=contract&action=getabi&address=0xe6ef45c927095341f279ff0b9f8e00279e2efbbc&format=json&apikey=SCVG9V74WV6VBZN583QZ9D3AW9VF45IMZP
[32m INFO[0m fetching code from e6ef45c927095341f279ff0b9f8e00279e2efbbc
[34mDEBUG[0m resolving host="bsc-dataseed.binance.org"
[34mDEBUG[0m connecting to 35.71.137.105:443
[34mDEBUG[0m connected to 35.71.137.105:443
[34mDEBUG[0m flushed 239 bytes
[34mDEBUG[0m parsed 16 headers
[34mDEBUG[0m incoming body is content-length (79 bytes)
[34mDEBUG[0m incoming body completed
[34mDEBUG[0m pooling idle connection for ("https", bsc-dataseed.binance.org)
Contract loaded: 0xe6ef45c927095341f279ff0b9f8e00279e2efbbc
[32m INFO[0m fetching abi from https://api.etherscan.io/v2/api?chainid=56&module=contract&action=getabi&address=0xe9e7cea3dedca5984780bafc599bd69add087d56&format=json&apikey=SCVG9V74WV6VBZN583QZ9D3AW9VF45IMZP
[32m INFO[0m fetching code from e9e7cea3dedca5984780bafc599bd69add087d56
[34mDEBUG[0m resolving host="bsc-dataseed.binance.org"
[34mDEBUG[0m connecting to 35.71.137.105:443
[34mDEBUG[0m connected to 35.71.137.105:443
[34mDEBUG[0m flushed 239 bytes
[34mDEBUG[0m parsed 16 headers
[34mDEBUG[0m incoming body is content-length (79 bytes)
[34mDEBUG[0m incoming body completed
[34mDEBUG[0m pooling idle connection for ("https", bsc-dataseed.binance.org)
Contract loaded: 0xe9e7cea3dedca5984780bafc599bd69add087d56
[32m INFO[0m fetching abi from https://api.etherscan.io/v2/api?chainid=56&module=contract&action=getabi&address=0x55d398326f99059ff775485246999027b3197955&format=json&apikey=SCVG9V74WV6VBZN583QZ9D3AW9VF45IMZP
[32m INFO[0m fetching code from 55d398326f99059ff775485246999027b3197955
[34mDEBUG[0m resolving host="bsc-dataseed.binance.org"
[34mDEBUG[0m connecting to 35.71.137.105:443
[34mDEBUG[0m connected to 35.71.137.105:443
[34mDEBUG[0m flushed 239 bytes
[34mDEBUG[0m parsed 16 headers
[34mDEBUG[0m incoming body is content-length (79 bytes)
[34mDEBUG[0m incoming body completed
[34mDEBUG[0m pooling idle connection for ("https", bsc-dataseed.binance.org)
thread 'main' panicked at src/evm/contract_utils.rs:238:85:
failed to parse abis file: Error("expected value", line: 1, column: 1)
note: run with `RUST_BACKTRACE=1` environment variable to display a backtrace
