[34mDEBUG[0m Seed: 1667840158231589000
[34mDEBUG[0m resolving host="bnb.api.onfinality.io"
[34mDEBUG[0m connecting to 142.215.53.55:443
[34mDEBUG[0m connected to 142.215.53.55:443
[34mDEBUG[0m flushed 211 bytes
[34mDEBUG[0m parsed 10 headers
[34mDEBUG[0m incoming body is chunked encoding
[34mDEBUG[0m incoming chunked header: 0xF86 (3974 bytes)
[34mDEBUG[0m incoming chunked header: 0x1000 (4096 bytes)
[34mDEBUG[0m incoming chunked header: 0xA92 (2706 bytes)
[34mDEBUG[0m incoming body completed
[34mDEBUG[0m pooling idle connection for ("https", bnb.api.onfinality.io)
[32m INFO[0m fetching abi from https://api.etherscan.io/v2/api?chainid=56&module=contract&action=getabi&address=0x10ed43c718714eb63d5aa57b78b54704e256024e&format=json&apikey=SCVG9V74WV6VBZN583QZ9D3AW9VF45IMZP
[34mDEBUG[0m resolving host="api.etherscan.io"
[34mDEBUG[0m connecting to 23.111.175.138:443
[34mDEBUG[0m connected to 23.111.175.138:443
[34mDEBUG[0m flushed 847 bytes
[34mDEBUG[0m parsed 12 headers
[34mDEBUG[0m incoming body is content-length (14118 bytes)
[34mDEBUG[0m incoming body completed
[34mDEBUG[0m pooling idle connection for ("https", api.etherscan.io)
[32m INFO[0m fetching code from 10ed43c718714eb63d5aa57b78b54704e256024e
[34mDEBUG[0m resolving host="bnb.api.onfinality.io"
[34mDEBUG[0m connecting to 142.215.53.55:443
[34mDEBUG[0m connected to 142.215.53.55:443
[34mDEBUG[0m flushed 242 bytes
[34mDEBUG[0m parsed 13 headers
[34mDEBUG[0m incoming body is content-length (43911 bytes)
[34mDEBUG[0m incoming body completed
[34mDEBUG[0m pooling idle connection for ("https", bnb.api.onfinality.io)
Contract loaded: 0x10ed43c718714eb63d5aa57b78b54704e256024e
[32m INFO[0m fetching abi from https://api.etherscan.io/v2/api?chainid=56&module=contract&action=getabi&address=0xbb4cdb9cbd36b01bd1cbaebf2de08d9173bc095c&format=json&apikey=SCVG9V74WV6VBZN583QZ9D3AW9VF45IMZP
[32m INFO[0m fetching code from bb4cdb9cbd36b01bd1cbaebf2de08d9173bc095c
[34mDEBUG[0m resolving host="bnb.api.onfinality.io"
[34mDEBUG[0m connecting to 142.215.53.55:443
[34mDEBUG[0m connected to 142.215.53.55:443
[34mDEBUG[0m flushed 242 bytes
[34mDEBUG[0m parsed 13 headers
[34mDEBUG[0m incoming body is content-length (6287 bytes)
[34mDEBUG[0m incoming body completed
[34mDEBUG[0m pooling idle connection for ("https", bnb.api.onfinality.io)
[34mDEBUG[0m ABI not found for 0xbb4c…095c, we'll decompile
Contract loaded: 0xbb4cdb9cbd36b01bd1cbaebf2de08d9173bc095c
[32m INFO[0m fetching abi from https://api.etherscan.io/v2/api?chainid=56&module=contract&action=getabi&address=0x55d398326f99059ff775485246999027b3197955&format=json&apikey=SCVG9V74WV6VBZN583QZ9D3AW9VF45IMZP
[32m INFO[0m fetching code from 55d398326f99059ff775485246999027b3197955
[34mDEBUG[0m resolving host="bnb.api.onfinality.io"
[34mDEBUG[0m connecting to 142.215.53.55:443
[34mDEBUG[0m connected to 142.215.53.55:443
[34mDEBUG[0m flushed 242 bytes
[34mDEBUG[0m parsed 13 headers
[34mDEBUG[0m incoming body is content-length (8865 bytes)
[34mDEBUG[0m incoming body completed
[34mDEBUG[0m pooling idle connection for ("https", bnb.api.onfinality.io)
thread 'main' panicked at src/evm/contract_utils.rs:238:85:
failed to parse abis file: Error("expected value", line: 1, column: 1)
note: run with `RUST_BACKTRACE=1` environment variable to display a backtrace
