[34mDEBUG[0m Seed: 1667840158231589000
[34mDEBUG[0m resolving host="bnb.api.onfinality.io"
[34mDEBUG[0m connecting to 142.215.53.55:443
[34mDEBUG[0m connected to 142.215.53.55:443
[34mDEBUG[0m flushed 211 bytes
[34mDEBUG[0m parsed 10 headers
[34mDEBUG[0m incoming body is chunked encoding
[34mDEBUG[0m incoming chunked header: 0x246F (9327 bytes)
[34mDEBUG[0m incoming body completed
[34mDEBUG[0m pooling idle connection for ("https", bnb.api.onfinality.io)
[32m INFO[0m fetching abi from https://api.etherscan.io/v2/api?chainid=56&module=contract&action=getabi&address=0x68cc90351a79a4c10078fe021be430b7a12aaa09&format=json&apikey=SCVG9V74WV6VBZN583QZ9D3AW9VF45IMZP
[32m INFO[0m fetching code from 68cc90351a79a4c10078fe021be430b7a12aaa09
[34mDEBUG[0m resolving host="bnb.api.onfinality.io"
[34mDEBUG[0m connecting to 142.215.53.55:443
[34mDEBUG[0m connected to 142.215.53.55:443
[34mDEBUG[0m flushed 242 bytes
[34mDEBUG[0m parsed 13 headers
[34mDEBUG[0m incoming body is content-length (21095 bytes)
[34mDEBUG[0m incoming body completed
[34mDEBUG[0m pooling idle connection for ("https", bnb.api.onfinality.io)
Contract loaded: 0x68cc90351a79a4c10078fe021be430b7a12aaa09
[32m INFO[0m fetching abi from https://api.etherscan.io/v2/api?chainid=56&module=contract&action=getabi&address=0x55d398326f99059ff775485246999027b3197955&format=json&apikey=SCVG9V74WV6VBZN583QZ9D3AW9VF45IMZP
[32m INFO[0m fetching code from 55d398326f99059ff775485246999027b3197955
[34mDEBUG[0m resolving host="bnb.api.onfinality.io"
[34mDEBUG[0m connecting to 142.215.53.55:443
[34mDEBUG[0m connected to 142.215.53.55:443
[34mDEBUG[0m flushed 242 bytes
[34mDEBUG[0m parsed 10 headers
[34mDEBUG[0m incoming body is content-length (160 bytes)
[34mDEBUG[0m incoming body completed
[34mDEBUG[0m pooling idle connection for ("https", bnb.api.onfinality.io)
thread 'main' panicked at src/evm/contract_utils.rs:238:85:
failed to parse abis file: Error("expected value", line: 1, column: 1)
note: run with `RUST_BACKTRACE=1` environment variable to display a backtrace
